 
****************************************
Report : area
Design : arbiter_puf_N43
Version: R-2020.09-SP4
Date   : Thu Dec  8 11:40:23 2022
****************************************

Information: Updating design information... (UID-85)
Library(s) Used:

    lib_astd (File: /home/nbleier3/Libraries/PragmaticV2_0.db)

Number of ports:                          778
Number of nets:                           951
Number of cells:                          389
Number of combinational cells:            173
Number of sequential cells:                 1
Number of macros/black boxes:               0
Number of buf/inv:                         87
Number of references:                       3

Combinational area:             422208.000000
Buf/Inv area:                   124992.000000
Noncombinational area:            9792.000000
Macro/Black Box area:                0.000000
Net Interconnect area:      undefined  (No wire load specified)

Total cell area:                432000.000000
Total area:                 undefined
1
