 
****************************************
Report : area
Design : arbiter_puf_N62
Version: R-2020.09-SP4
Date   : Thu Dec  8 11:40:51 2022
****************************************

Information: Updating design information... (UID-85)
Library(s) Used:

    lib_astd (File: /home/nbleier3/Libraries/PragmaticV2_0.db)

Number of ports:                         1120
Number of nets:                          1369
Number of cells:                          560
Number of combinational cells:            249
Number of sequential cells:                 1
Number of macros/black boxes:               0
Number of buf/inv:                        125
Number of references:                       3

Combinational area:             608256.000000
Buf/Inv area:                   179712.000000
Noncombinational area:            9792.000000
Macro/Black Box area:                0.000000
Net Interconnect area:      undefined  (No wire load specified)

Total cell area:                618048.000000
Total area:                 undefined
1
