 
****************************************
Report : area
Design : arbiter_puf_N36
Version: R-2020.09-SP4
Date   : Thu Dec  8 11:40:14 2022
****************************************

Information: Updating design information... (UID-85)
Library(s) Used:

    lib_astd (File: /home/nbleier3/Libraries/PragmaticV2_0.db)

Number of ports:                          652
Number of nets:                           797
Number of cells:                          326
Number of combinational cells:            145
Number of sequential cells:                 1
Number of macros/black boxes:               0
Number of buf/inv:                         73
Number of references:                       3

Combinational area:             353664.000000
Buf/Inv area:                   104832.000000
Noncombinational area:            9792.000000
Macro/Black Box area:                0.000000
Net Interconnect area:      undefined  (No wire load specified)

Total cell area:                363456.000000
Total area:                 undefined
1
