 
****************************************
Report : area
Design : arbiter_puf_N31
Version: R-2020.09-SP4
Date   : Thu Dec  8 11:40:07 2022
****************************************

Information: Updating design information... (UID-85)
Library(s) Used:

    lib_astd (File: /home/nbleier3/Libraries/PragmaticV2_0.db)

Number of ports:                          562
Number of nets:                           687
Number of cells:                          281
Number of combinational cells:            125
Number of sequential cells:                 1
Number of macros/black boxes:               0
Number of buf/inv:                         63
Number of references:                       3

Combinational area:             304704.000000
Buf/Inv area:                    90432.000000
Noncombinational area:            9792.000000
Macro/Black Box area:                0.000000
Net Interconnect area:      undefined  (No wire load specified)

Total cell area:                314496.000000
Total area:                 undefined
1
