 
****************************************
Report : area
Design : arbiter_puf_N30
Version: R-2020.09-SP4
Date   : Thu Dec  8 11:40:06 2022
****************************************

Information: Updating design information... (UID-85)
Library(s) Used:

    lib_astd (File: /home/nbleier3/Libraries/PragmaticV2_0.db)

Number of ports:                          544
Number of nets:                           665
Number of cells:                          272
Number of combinational cells:            121
Number of sequential cells:                 1
Number of macros/black boxes:               0
Number of buf/inv:                         61
Number of references:                       3

Combinational area:             294912.000000
Buf/Inv area:                    87552.000000
Noncombinational area:            9792.000000
Macro/Black Box area:                0.000000
Net Interconnect area:      undefined  (No wire load specified)

Total cell area:                304704.000000
Total area:                 undefined
1
