 
****************************************
Report : area
Design : arbiter_puf_N12
Version: R-2020.09-SP4
Date   : Thu Dec  8 11:39:45 2022
****************************************

Information: Updating design information... (UID-85)
Library(s) Used:

    lib_astd (File: /home/nbleier3/Libraries/PragmaticV2_0.db)

Number of ports:                          220
Number of nets:                           269
Number of cells:                          110
Number of combinational cells:             49
Number of sequential cells:                 1
Number of macros/black boxes:               0
Number of buf/inv:                         25
Number of references:                       3

Combinational area:             118656.000000
Buf/Inv area:                    35712.000000
Noncombinational area:            9792.000000
Macro/Black Box area:                0.000000
Net Interconnect area:      undefined  (No wire load specified)

Total cell area:                128448.000000
Total area:                 undefined
1
