 
****************************************
Report : area
Design : arbiter_puf_N27
Version: R-2020.09-SP4
Date   : Thu Dec  8 11:40:03 2022
****************************************

Information: Updating design information... (UID-85)
Library(s) Used:

    lib_astd (File: /home/nbleier3/Libraries/PragmaticV2_0.db)

Number of ports:                          490
Number of nets:                           599
Number of cells:                          245
Number of combinational cells:            109
Number of sequential cells:                 1
Number of macros/black boxes:               0
Number of buf/inv:                         55
Number of references:                       3

Combinational area:             265536.000000
Buf/Inv area:                    78912.000000
Noncombinational area:            9792.000000
Macro/Black Box area:                0.000000
Net Interconnect area:      undefined  (No wire load specified)

Total cell area:                275328.000000
Total area:                 undefined
1
