 
****************************************
Report : area
Design : arbiter_puf_N6
Version: R-2020.09-SP4
Date   : Thu Dec  8 11:39:39 2022
****************************************

Information: Updating design information... (UID-85)
Library(s) Used:

    lib_astd (File: /home/nbleier3/Libraries/PragmaticV2_0.db)

Number of ports:                          112
Number of nets:                           137
Number of cells:                           56
Number of combinational cells:             25
Number of sequential cells:                 1
Number of macros/black boxes:               0
Number of buf/inv:                         13
Number of references:                       3

Combinational area:              59904.000000
Buf/Inv area:                    18432.000000
Noncombinational area:            9792.000000
Macro/Black Box area:                0.000000
Net Interconnect area:      undefined  (No wire load specified)

Total cell area:                 69696.000000
Total area:                 undefined
1
