 
****************************************
Report : area
Design : arbiter_puf_N57
Version: R-2020.09-SP4
Date   : Thu Dec  8 11:40:44 2022
****************************************

Information: Updating design information... (UID-85)
Library(s) Used:

    lib_astd (File: /home/nbleier3/Libraries/PragmaticV2_0.db)

Number of ports:                         1030
Number of nets:                          1259
Number of cells:                          515
Number of combinational cells:            229
Number of sequential cells:                 1
Number of macros/black boxes:               0
Number of buf/inv:                        115
Number of references:                       3

Combinational area:             559296.000000
Buf/Inv area:                   165312.000000
Noncombinational area:            9792.000000
Macro/Black Box area:                0.000000
Net Interconnect area:      undefined  (No wire load specified)

Total cell area:                569088.000000
Total area:                 undefined
1
