 
****************************************
Report : area
Design : arbiter_puf_N10
Version: R-2020.09-SP4
Date   : Thu Dec  8 11:39:43 2022
****************************************

Information: Updating design information... (UID-85)
Library(s) Used:

    lib_astd (File: /home/nbleier3/Libraries/PragmaticV2_0.db)

Number of ports:                          184
Number of nets:                           225
Number of cells:                           92
Number of combinational cells:             41
Number of sequential cells:                 1
Number of macros/black boxes:               0
Number of buf/inv:                         21
Number of references:                       3

Combinational area:              99072.000000
Buf/Inv area:                    29952.000000
Noncombinational area:            9792.000000
Macro/Black Box area:                0.000000
Net Interconnect area:      undefined  (No wire load specified)

Total cell area:                108864.000000
Total area:                 undefined
1
