 
****************************************
Report : area
Design : arbiter_puf_N46
Version: R-2020.09-SP4
Date   : Thu Dec  8 11:40:27 2022
****************************************

Information: Updating design information... (UID-85)
Library(s) Used:

    lib_astd (File: /home/nbleier3/Libraries/PragmaticV2_0.db)

Number of ports:                          832
Number of nets:                          1017
Number of cells:                          416
Number of combinational cells:            185
Number of sequential cells:                 1
Number of macros/black boxes:               0
Number of buf/inv:                         93
Number of references:                       3

Combinational area:             451584.000000
Buf/Inv area:                   133632.000000
Noncombinational area:            9792.000000
Macro/Black Box area:                0.000000
Net Interconnect area:      undefined  (No wire load specified)

Total cell area:                461376.000000
Total area:                 undefined
1
