Information: Propagating switching activity (high effort zero delay simulation). (PWR-6)
Warning: Design has unannotated primary inputs. (PWR-414)
 
****************************************
Report : power
        -analysis_effort high
Design : arbiter_puf_N56
Version: R-2020.09-SP4
Date   : Thu Dec  8 11:40:42 2022
****************************************


Library(s) Used:

    lib_astd (File: /home/nbleier3/Libraries/PragmaticV2_0.db)


Operating Conditions: PVT_3V_25C   Library: lib_astd
Wire Load Model Mode: top


Global Operating Voltage = 3    
Power-specific unit information :
    Voltage Units = 1V
    Capacitance Units = 1.000000pf
    Time Units = 1ns
    Dynamic Power Units = 1mW    (derived from V,C,T units)
    Leakage Power Units = 1nW


  Cell Internal Power  = 160.2376 nW   (58%)
  Net Switching Power  = 114.1644 nW   (42%)
                         ---------
Total Dynamic Power    = 274.4020 nW  (100%)

Cell Leakage Power     = 283.8260 uW

Information: report_power power group summary does not include estimated clock tree power. (PWR-789)

                 Internal         Switching           Leakage            Total
Power Group      Power            Power               Power              Power   (   %    )  Attrs
--------------------------------------------------------------------------------------------------
io_pad             0.0000            0.0000            0.0000            0.0000  (   0.00%)
memory             0.0000            0.0000            0.0000            0.0000  (   0.00%)
black_box          0.0000            0.0000            0.0000            0.0000  (   0.00%)
clock_network      0.0000            0.0000            0.0000            0.0000  (   0.00%)
register           0.0000            0.0000            0.0000            0.0000  (   0.00%)
sequential     6.4573e-05            0.0000        4.6602e+03        4.7248e-03  (   1.66%)
combinational  9.5665e-05        1.1416e-04        2.7917e+05            0.2794  (  98.34%)
--------------------------------------------------------------------------------------------------
Total          1.6024e-04 mW     1.1416e-04 mW     2.8383e+05 nW         0.2841 mW
1
