Information: Propagating switching activity (high effort zero delay simulation). (PWR-6)
Warning: Design has unannotated primary inputs. (PWR-414)
 
****************************************
Report : power
        -analysis_effort high
Design : arbiter_puf_N16
Version: R-2020.09-SP4
Date   : Thu Dec  8 11:39:50 2022
****************************************


Library(s) Used:

    lib_astd (File: /home/nbleier3/Libraries/PragmaticV2_0.db)


Operating Conditions: PVT_3V_25C   Library: lib_astd
Wire Load Model Mode: top


Global Operating Voltage = 3    
Power-specific unit information :
    Voltage Units = 1V
    Capacitance Units = 1.000000pf
    Time Units = 1ns
    Dynamic Power Units = 1mW    (derived from V,C,T units)
    Leakage Power Units = 1nW


  Cell Internal Power  =  78.1398 nW   (78%)
  Net Switching Power  =  22.5858 nW   (22%)
                         ---------
Total Dynamic Power    = 100.7255 nW  (100%)

Cell Leakage Power     =  84.7692 uW

Information: report_power power group summary does not include estimated clock tree power. (PWR-789)

                 Internal         Switching           Leakage            Total
Power Group      Power            Power               Power              Power   (   %    )  Attrs
--------------------------------------------------------------------------------------------------
io_pad             0.0000            0.0000            0.0000            0.0000  (   0.00%)
memory             0.0000            0.0000            0.0000            0.0000  (   0.00%)
black_box          0.0000            0.0000            0.0000            0.0000  (   0.00%)
clock_network      0.0000            0.0000            0.0000            0.0000  (   0.00%)
register           0.0000            0.0000            0.0000            0.0000  (   0.00%)
sequential     5.7767e-05            0.0000        4.6517e+03        4.7095e-03  (   5.55%)
combinational  2.0373e-05        2.2586e-05        8.0118e+04        8.0160e-02  (  94.45%)
--------------------------------------------------------------------------------------------------
Total          7.8140e-05 mW     2.2586e-05 mW     8.4769e+04 nW     8.4870e-02 mW
1
