Information: Propagating switching activity (high effort zero delay simulation). (PWR-6)
Warning: Design has unannotated primary inputs. (PWR-414)
 
****************************************
Report : power
        -analysis_effort high
Design : arbiter_puf_N7
Version: R-2020.09-SP4
Date   : Thu Dec  8 11:39:40 2022
****************************************


Library(s) Used:

    lib_astd (File: /home/nbleier3/Libraries/PragmaticV2_0.db)


Operating Conditions: PVT_3V_25C   Library: lib_astd
Wire Load Model Mode: top


Global Operating Voltage = 3    
Power-specific unit information :
    Voltage Units = 1V
    Capacitance Units = 1.000000pf
    Time Units = 1ns
    Dynamic Power Units = 1mW    (derived from V,C,T units)
    Leakage Power Units = 1nW


  Cell Internal Power  =  58.4796 nW   (90%)
  Net Switching Power  =   6.7288 nW   (10%)
                         ---------
Total Dynamic Power    =  65.2084 nW  (100%)

Cell Leakage Power     =  39.9825 uW

Information: report_power power group summary does not include estimated clock tree power. (PWR-789)

                 Internal         Switching           Leakage            Total
Power Group      Power            Power               Power              Power   (   %    )  Attrs
--------------------------------------------------------------------------------------------------
io_pad             0.0000            0.0000            0.0000            0.0000  (   0.00%)
memory             0.0000            0.0000            0.0000            0.0000  (   0.00%)
black_box          0.0000            0.0000            0.0000            0.0000  (   0.00%)
clock_network      0.0000            0.0000            0.0000            0.0000  (   0.00%)
register           0.0000            0.0000            0.0000            0.0000  (   0.00%)
sequential     5.1697e-05            0.0000        4.6508e+03        4.7025e-03  (  11.74%)
combinational  6.7831e-06        6.7288e-06        3.5332e+04        3.5345e-02  (  88.26%)
--------------------------------------------------------------------------------------------------
Total          5.8480e-05 mW     6.7288e-06 mW     3.9982e+04 nW     4.0048e-02 mW
1
