Information: Propagating switching activity (high effort zero delay simulation). (PWR-6)
Warning: Design has unannotated primary inputs. (PWR-414)
 
****************************************
Report : power
        -analysis_effort high
Design : arbiter_puf_N25
Version: R-2020.09-SP4
Date   : Thu Dec  8 11:40:00 2022
****************************************


Library(s) Used:

    lib_astd (File: /home/nbleier3/Libraries/PragmaticV2_0.db)


Operating Conditions: PVT_3V_25C   Library: lib_astd
Wire Load Model Mode: top


Global Operating Voltage = 3    
Power-specific unit information :
    Voltage Units = 1V
    Capacitance Units = 1.000000pf
    Time Units = 1ns
    Dynamic Power Units = 1mW    (derived from V,C,T units)
    Leakage Power Units = 1nW


  Cell Internal Power  =  96.0083 nW   (70%)
  Net Switching Power  =  41.6463 nW   (30%)
                         ---------
Total Dynamic Power    = 137.6545 nW  (100%)

Cell Leakage Power     = 129.5633 uW

Information: report_power power group summary does not include estimated clock tree power. (PWR-789)

                 Internal         Switching           Leakage            Total
Power Group      Power            Power               Power              Power   (   %    )  Attrs
--------------------------------------------------------------------------------------------------
io_pad             0.0000            0.0000            0.0000            0.0000  (   0.00%)
memory             0.0000            0.0000            0.0000            0.0000  (   0.00%)
black_box          0.0000            0.0000            0.0000            0.0000  (   0.00%)
clock_network      0.0000            0.0000            0.0000            0.0000  (   0.00%)
register           0.0000            0.0000            0.0000            0.0000  (   0.00%)
sequential     5.9743e-05            0.0000        4.6600e+03        4.7197e-03  (   3.64%)
combinational  3.6265e-05        4.1646e-05        1.2490e+05            0.1250  (  96.36%)
--------------------------------------------------------------------------------------------------
Total          9.6008e-05 mW     4.1646e-05 mW     1.2956e+05 nW         0.1297 mW
1
