Information: Propagating switching activity (high effort zero delay simulation). (PWR-6)
Warning: Design has unannotated primary inputs. (PWR-414)
 
****************************************
Report : power
        -analysis_effort high
Design : arbiter_puf_N52
Version: R-2020.09-SP4
Date   : Thu Dec  8 11:40:36 2022
****************************************


Library(s) Used:

    lib_astd (File: /home/nbleier3/Libraries/PragmaticV2_0.db)


Operating Conditions: PVT_3V_25C   Library: lib_astd
Wire Load Model Mode: top


Global Operating Voltage = 3    
Power-specific unit information :
    Voltage Units = 1V
    Capacitance Units = 1.000000pf
    Time Units = 1ns
    Dynamic Power Units = 1mW    (derived from V,C,T units)
    Leakage Power Units = 1nW


  Cell Internal Power  = 154.7477 nW   (60%)
  Net Switching Power  = 104.8023 nW   (40%)
                         ---------
Total Dynamic Power    = 259.5499 nW  (100%)

Cell Leakage Power     = 263.9258 uW

Information: report_power power group summary does not include estimated clock tree power. (PWR-789)

                 Internal         Switching           Leakage            Total
Power Group      Power            Power               Power              Power   (   %    )  Attrs
--------------------------------------------------------------------------------------------------
io_pad             0.0000            0.0000            0.0000            0.0000  (   0.00%)
memory             0.0000            0.0000            0.0000            0.0000  (   0.00%)
black_box          0.0000            0.0000            0.0000            0.0000  (   0.00%)
clock_network      0.0000            0.0000            0.0000            0.0000  (   0.00%)
register           0.0000            0.0000            0.0000            0.0000  (   0.00%)
sequential     6.6655e-05            0.0000        4.6649e+03        4.7315e-03  (   1.79%)
combinational  8.8092e-05        1.0480e-04        2.5926e+05            0.2595  (  98.21%)
--------------------------------------------------------------------------------------------------
Total          1.5475e-04 mW     1.0480e-04 mW     2.6393e+05 nW         0.2642 mW
1
