Information: Propagating switching activity (high effort zero delay simulation). (PWR-6)
Warning: Design has unannotated primary inputs. (PWR-414)
 
****************************************
Report : power
        -analysis_effort high
Design : arbiter_puf_N11
Version: R-2020.09-SP4
Date   : Thu Dec  8 11:39:44 2022
****************************************


Library(s) Used:

    lib_astd (File: /home/nbleier3/Libraries/PragmaticV2_0.db)


Operating Conditions: PVT_3V_25C   Library: lib_astd
Wire Load Model Mode: top


Global Operating Voltage = 3    
Power-specific unit information :
    Voltage Units = 1V
    Capacitance Units = 1.000000pf
    Time Units = 1ns
    Dynamic Power Units = 1mW    (derived from V,C,T units)
    Leakage Power Units = 1nW


  Cell Internal Power  =  73.1049 nW   (85%)
  Net Switching Power  =  13.3573 nW   (15%)
                         ---------
Total Dynamic Power    =  86.4622 nW  (100%)

Cell Leakage Power     =  59.8955 uW

Information: report_power power group summary does not include estimated clock tree power. (PWR-789)

                 Internal         Switching           Leakage            Total
Power Group      Power            Power               Power              Power   (   %    )  Attrs
--------------------------------------------------------------------------------------------------
io_pad             0.0000            0.0000            0.0000            0.0000  (   0.00%)
memory             0.0000            0.0000            0.0000            0.0000  (   0.00%)
black_box          0.0000            0.0000            0.0000            0.0000  (   0.00%)
clock_network      0.0000            0.0000            0.0000            0.0000  (   0.00%)
register           0.0000            0.0000            0.0000            0.0000  (   0.00%)
sequential     6.0562e-05            0.0000        4.6591e+03        4.7196e-03  (   7.87%)
combinational  1.2542e-05        1.3357e-05        5.5236e+04        5.5262e-02  (  92.13%)
--------------------------------------------------------------------------------------------------
Total          7.3105e-05 mW     1.3357e-05 mW     5.9896e+04 nW     5.9982e-02 mW
1
