Information: Propagating switching activity (high effort zero delay simulation). (PWR-6)
Warning: Design has unannotated primary inputs. (PWR-414)
 
****************************************
Report : power
        -analysis_effort high
Design : arbiter_puf_N10
Version: R-2020.09-SP4
Date   : Thu Dec  8 11:39:43 2022
****************************************


Library(s) Used:

    lib_astd (File: /home/nbleier3/Libraries/PragmaticV2_0.db)


Operating Conditions: PVT_3V_25C   Library: lib_astd
Wire Load Model Mode: top


Global Operating Voltage = 3    
Power-specific unit information :
    Voltage Units = 1V
    Capacitance Units = 1.000000pf
    Time Units = 1ns
    Dynamic Power Units = 1mW    (derived from V,C,T units)
    Leakage Power Units = 1nW


  Cell Internal Power  =  66.6469 nW   (85%)
  Net Switching Power  =  11.5049 nW   (15%)
                         ---------
Total Dynamic Power    =  78.1518 nW  (100%)

Cell Leakage Power     =  54.9179 uW

Information: report_power power group summary does not include estimated clock tree power. (PWR-789)

                 Internal         Switching           Leakage            Total
Power Group      Power            Power               Power              Power   (   %    )  Attrs
--------------------------------------------------------------------------------------------------
io_pad             0.0000            0.0000            0.0000            0.0000  (   0.00%)
memory             0.0000            0.0000            0.0000            0.0000  (   0.00%)
black_box          0.0000            0.0000            0.0000            0.0000  (   0.00%)
clock_network      0.0000            0.0000            0.0000            0.0000  (   0.00%)
register           0.0000            0.0000            0.0000            0.0000  (   0.00%)
sequential     5.5679e-05            0.0000        4.6576e+03        4.7133e-03  (   8.57%)
combinational  1.0968e-05        1.1505e-05        5.0260e+04        5.0283e-02  (  91.43%)
--------------------------------------------------------------------------------------------------
Total          6.6647e-05 mW     1.1505e-05 mW     5.4918e+04 nW     5.4996e-02 mW
1
