Information: Propagating switching activity (high effort zero delay simulation). (PWR-6)
Warning: Design has unannotated primary inputs. (PWR-414)
 
****************************************
Report : power
        -analysis_effort high
Design : arbiter_puf_N14
Version: R-2020.09-SP4
Date   : Thu Dec  8 11:39:48 2022
****************************************


Library(s) Used:

    lib_astd (File: /home/nbleier3/Libraries/PragmaticV2_0.db)


Operating Conditions: PVT_3V_25C   Library: lib_astd
Wire Load Model Mode: top


Global Operating Voltage = 3    
Power-specific unit information :
    Voltage Units = 1V
    Capacitance Units = 1.000000pf
    Time Units = 1ns
    Dynamic Power Units = 1mW    (derived from V,C,T units)
    Leakage Power Units = 1nW


  Cell Internal Power  =  71.3068 nW   (79%)
  Net Switching Power  =  18.8904 nW   (21%)
                         ---------
Total Dynamic Power    =  90.1972 nW  (100%)

Cell Leakage Power     =  74.8248 uW

Information: report_power power group summary does not include estimated clock tree power. (PWR-789)

                 Internal         Switching           Leakage            Total
Power Group      Power            Power               Power              Power   (   %    )  Attrs
--------------------------------------------------------------------------------------------------
io_pad             0.0000            0.0000            0.0000            0.0000  (   0.00%)
memory             0.0000            0.0000            0.0000            0.0000  (   0.00%)
black_box          0.0000            0.0000            0.0000            0.0000  (   0.00%)
clock_network      0.0000            0.0000            0.0000            0.0000  (   0.00%)
register           0.0000            0.0000            0.0000            0.0000  (   0.00%)
sequential     5.4049e-05            0.0000        4.6598e+03        4.7138e-03  (   6.29%)
combinational  1.7258e-05        1.8890e-05        7.0165e+04        7.0201e-02  (  93.71%)
--------------------------------------------------------------------------------------------------
Total          7.1307e-05 mW     1.8890e-05 mW     7.4825e+04 nW     7.4915e-02 mW
1
