Information: Propagating switching activity (high effort zero delay simulation). (PWR-6)
Warning: Design has unannotated primary inputs. (PWR-414)
 
****************************************
Report : power
        -analysis_effort high
Design : arbiter_puf_N30
Version: R-2020.09-SP4
Date   : Thu Dec  8 11:40:06 2022
****************************************


Library(s) Used:

    lib_astd (File: /home/nbleier3/Libraries/PragmaticV2_0.db)


Operating Conditions: PVT_3V_25C   Library: lib_astd
Wire Load Model Mode: top


Global Operating Voltage = 3    
Power-specific unit information :
    Voltage Units = 1V
    Capacitance Units = 1.000000pf
    Time Units = 1ns
    Dynamic Power Units = 1mW    (derived from V,C,T units)
    Leakage Power Units = 1nW


  Cell Internal Power  = 107.8689 nW   (67%)
  Net Switching Power  =  52.7689 nW   (33%)
                         ---------
Total Dynamic Power    = 160.6378 nW  (100%)

Cell Leakage Power     = 154.4387 uW

Information: report_power power group summary does not include estimated clock tree power. (PWR-789)

                 Internal         Switching           Leakage            Total
Power Group      Power            Power               Power              Power   (   %    )  Attrs
--------------------------------------------------------------------------------------------------
io_pad             0.0000            0.0000            0.0000            0.0000  (   0.00%)
memory             0.0000            0.0000            0.0000            0.0000  (   0.00%)
black_box          0.0000            0.0000            0.0000            0.0000  (   0.00%)
clock_network      0.0000            0.0000            0.0000            0.0000  (   0.00%)
register           0.0000            0.0000            0.0000            0.0000  (   0.00%)
sequential     6.2483e-05            0.0000        4.6543e+03        4.7168e-03  (   3.05%)
combinational  4.5386e-05        5.2769e-05        1.4978e+05            0.1499  (  96.95%)
--------------------------------------------------------------------------------------------------
Total          1.0787e-04 mW     5.2769e-05 mW     1.5444e+05 nW         0.1546 mW
1
