Information: Propagating switching activity (high effort zero delay simulation). (PWR-6)
Warning: Design has unannotated primary inputs. (PWR-414)
 
****************************************
Report : power
        -analysis_effort high
Design : arbiter_puf_N62
Version: R-2020.09-SP4
Date   : Thu Dec  8 11:40:51 2022
****************************************


Library(s) Used:

    lib_astd (File: /home/nbleier3/Libraries/PragmaticV2_0.db)


Operating Conditions: PVT_3V_25C   Library: lib_astd
Wire Load Model Mode: top


Global Operating Voltage = 3    
Power-specific unit information :
    Voltage Units = 1V
    Capacitance Units = 1.000000pf
    Time Units = 1ns
    Dynamic Power Units = 1mW    (derived from V,C,T units)
    Leakage Power Units = 1nW


  Cell Internal Power  = 169.1829 nW   (57%)
  Net Switching Power  = 128.8950 nW   (43%)
                         ---------
Total Dynamic Power    = 298.0779 nW  (100%)

Cell Leakage Power     = 313.6776 uW

Information: report_power power group summary does not include estimated clock tree power. (PWR-789)

                 Internal         Switching           Leakage            Total
Power Group      Power            Power               Power              Power   (   %    )  Attrs
--------------------------------------------------------------------------------------------------
io_pad             0.0000            0.0000            0.0000            0.0000  (   0.00%)
memory             0.0000            0.0000            0.0000            0.0000  (   0.00%)
black_box          0.0000            0.0000            0.0000            0.0000  (   0.00%)
clock_network      0.0000            0.0000            0.0000            0.0000  (   0.00%)
register           0.0000            0.0000            0.0000            0.0000  (   0.00%)
sequential     6.1687e-05            0.0000        4.6546e+03        4.7163e-03  (   1.50%)
combinational  1.0750e-04        1.2890e-04        3.0902e+05            0.3093  (  98.50%)
--------------------------------------------------------------------------------------------------
Total          1.6918e-04 mW     1.2890e-04 mW     3.1368e+05 nW         0.3140 mW
1
