Information: Propagating switching activity (high effort zero delay simulation). (PWR-6)
Warning: Design has unannotated primary inputs. (PWR-414)
 
****************************************
Report : power
        -analysis_effort high
Design : arbiter_puf_N12
Version: R-2020.09-SP4
Date   : Thu Dec  8 11:39:45 2022
****************************************


Library(s) Used:

    lib_astd (File: /home/nbleier3/Libraries/PragmaticV2_0.db)


Operating Conditions: PVT_3V_25C   Library: lib_astd
Wire Load Model Mode: top


Global Operating Voltage = 3    
Power-specific unit information :
    Voltage Units = 1V
    Capacitance Units = 1.000000pf
    Time Units = 1ns
    Dynamic Power Units = 1mW    (derived from V,C,T units)
    Leakage Power Units = 1nW


  Cell Internal Power  =  71.6932 nW   (83%)
  Net Switching Power  =  14.7914 nW   (17%)
                         ---------
Total Dynamic Power    =  86.4845 nW  (100%)

Cell Leakage Power     =  64.8748 uW

Information: report_power power group summary does not include estimated clock tree power. (PWR-789)

                 Internal         Switching           Leakage            Total
Power Group      Power            Power               Power              Power   (   %    )  Attrs
--------------------------------------------------------------------------------------------------
io_pad             0.0000            0.0000            0.0000            0.0000  (   0.00%)
memory             0.0000            0.0000            0.0000            0.0000  (   0.00%)
black_box          0.0000            0.0000            0.0000            0.0000  (   0.00%)
clock_network      0.0000            0.0000            0.0000            0.0000  (   0.00%)
register           0.0000            0.0000            0.0000            0.0000  (   0.00%)
sequential     5.7851e-05            0.0000        4.6621e+03        4.7199e-03  (   7.27%)
combinational  1.3842e-05        1.4791e-05        6.0213e+04        6.0241e-02  (  92.73%)
--------------------------------------------------------------------------------------------------
Total          7.1693e-05 mW     1.4791e-05 mW     6.4875e+04 nW     6.4961e-02 mW
1
