Information: Propagating switching activity (high effort zero delay simulation). (PWR-6)
Warning: Design has unannotated primary inputs. (PWR-414)
 
****************************************
Report : power
        -analysis_effort high
Design : arbiter_puf_N43
Version: R-2020.09-SP4
Date   : Thu Dec  8 11:40:23 2022
****************************************


Library(s) Used:

    lib_astd (File: /home/nbleier3/Libraries/PragmaticV2_0.db)


Operating Conditions: PVT_3V_25C   Library: lib_astd
Wire Load Model Mode: top


Global Operating Voltage = 3    
Power-specific unit information :
    Voltage Units = 1V
    Capacitance Units = 1.000000pf
    Time Units = 1ns
    Dynamic Power Units = 1mW    (derived from V,C,T units)
    Leakage Power Units = 1nW


  Cell Internal Power  = 131.2357 nW   (61%)
  Net Switching Power  =  83.2479 nW   (39%)
                         ---------
Total Dynamic Power    = 214.4836 nW  (100%)

Cell Leakage Power     = 219.1405 uW

Information: report_power power group summary does not include estimated clock tree power. (PWR-789)

                 Internal         Switching           Leakage            Total
Power Group      Power            Power               Power              Power   (   %    )  Attrs
--------------------------------------------------------------------------------------------------
io_pad             0.0000            0.0000            0.0000            0.0000  (   0.00%)
memory             0.0000            0.0000            0.0000            0.0000  (   0.00%)
black_box          0.0000            0.0000            0.0000            0.0000  (   0.00%)
clock_network      0.0000            0.0000            0.0000            0.0000  (   0.00%)
register           0.0000            0.0000            0.0000            0.0000  (   0.00%)
sequential     6.0734e-05            0.0000        4.6654e+03        4.7261e-03  (   2.15%)
combinational  7.0502e-05        8.3248e-05        2.1448e+05            0.2146  (  97.85%)
--------------------------------------------------------------------------------------------------
Total          1.3124e-04 mW     8.3248e-05 mW     2.1914e+05 nW         0.2194 mW
1
