Information: Propagating switching activity (high effort zero delay simulation). (PWR-6)
Warning: Design has unannotated primary inputs. (PWR-414)
 
****************************************
Report : power
        -analysis_effort high
Design : arbiter_puf_N27
Version: R-2020.09-SP4
Date   : Thu Dec  8 11:40:03 2022
****************************************


Library(s) Used:

    lib_astd (File: /home/nbleier3/Libraries/PragmaticV2_0.db)


Operating Conditions: PVT_3V_25C   Library: lib_astd
Wire Load Model Mode: top


Global Operating Voltage = 3    
Power-specific unit information :
    Voltage Units = 1V
    Capacitance Units = 1.000000pf
    Time Units = 1ns
    Dynamic Power Units = 1mW    (derived from V,C,T units)
    Leakage Power Units = 1nW


  Cell Internal Power  = 104.1095 nW   (70%)
  Net Switching Power  =  45.5129 nW   (30%)
                         ---------
Total Dynamic Power    = 149.6224 nW  (100%)

Cell Leakage Power     = 139.5069 uW

Information: report_power power group summary does not include estimated clock tree power. (PWR-789)

                 Internal         Switching           Leakage            Total
Power Group      Power            Power               Power              Power   (   %    )  Attrs
--------------------------------------------------------------------------------------------------
io_pad             0.0000            0.0000            0.0000            0.0000  (   0.00%)
memory             0.0000            0.0000            0.0000            0.0000  (   0.00%)
black_box          0.0000            0.0000            0.0000            0.0000  (   0.00%)
clock_network      0.0000            0.0000            0.0000            0.0000  (   0.00%)
register           0.0000            0.0000            0.0000            0.0000  (   0.00%)
sequential     6.4653e-05            0.0000        4.6511e+03        4.7158e-03  (   3.38%)
combinational  3.9457e-05        4.5513e-05        1.3486e+05            0.1349  (  96.62%)
--------------------------------------------------------------------------------------------------
Total          1.0411e-04 mW     4.5513e-05 mW     1.3951e+05 nW         0.1397 mW
1
