Information: Propagating switching activity (high effort zero delay simulation). (PWR-6)
Warning: Design has unannotated primary inputs. (PWR-414)
 
****************************************
Report : power
        -analysis_effort high
Design : arbiter_puf_N22
Version: R-2020.09-SP4
Date   : Thu Dec  8 11:39:57 2022
****************************************


Library(s) Used:

    lib_astd (File: /home/nbleier3/Libraries/PragmaticV2_0.db)


Operating Conditions: PVT_3V_25C   Library: lib_astd
Wire Load Model Mode: top


Global Operating Voltage = 3    
Power-specific unit information :
    Voltage Units = 1V
    Capacitance Units = 1.000000pf
    Time Units = 1ns
    Dynamic Power Units = 1mW    (derived from V,C,T units)
    Leakage Power Units = 1nW


  Cell Internal Power  =  92.9800 nW   (73%)
  Net Switching Power  =  35.1768 nW   (27%)
                         ---------
Total Dynamic Power    = 128.1568 nW  (100%)

Cell Leakage Power     = 114.6389 uW

Information: report_power power group summary does not include estimated clock tree power. (PWR-789)

                 Internal         Switching           Leakage            Total
Power Group      Power            Power               Power              Power   (   %    )  Attrs
--------------------------------------------------------------------------------------------------
io_pad             0.0000            0.0000            0.0000            0.0000  (   0.00%)
memory             0.0000            0.0000            0.0000            0.0000  (   0.00%)
black_box          0.0000            0.0000            0.0000            0.0000  (   0.00%)
clock_network      0.0000            0.0000            0.0000            0.0000  (   0.00%)
register           0.0000            0.0000            0.0000            0.0000  (   0.00%)
sequential     6.2055e-05            0.0000        4.6642e+03        4.7263e-03  (   4.12%)
combinational  3.0925e-05        3.5177e-05        1.0997e+05            0.1100  (  95.88%)
--------------------------------------------------------------------------------------------------
Total          9.2980e-05 mW     3.5177e-05 mW     1.1464e+05 nW         0.1148 mW
1
