Information: Propagating switching activity (high effort zero delay simulation). (PWR-6)
Warning: Design has unannotated primary inputs. (PWR-414)
 
****************************************
Report : power
        -analysis_effort high
Design : arbiter_puf_N49
Version: R-2020.09-SP4
Date   : Thu Dec  8 11:40:32 2022
****************************************


Library(s) Used:

    lib_astd (File: /home/nbleier3/Libraries/PragmaticV2_0.db)


Operating Conditions: PVT_3V_25C   Library: lib_astd
Wire Load Model Mode: top


Global Operating Voltage = 3    
Power-specific unit information :
    Voltage Units = 1V
    Capacitance Units = 1.000000pf
    Time Units = 1ns
    Dynamic Power Units = 1mW    (derived from V,C,T units)
    Leakage Power Units = 1nW


  Cell Internal Power  = 145.2125 nW   (60%)
  Net Switching Power  =  97.7720 nW   (40%)
                         ---------
Total Dynamic Power    = 242.9845 nW  (100%)

Cell Leakage Power     = 248.9868 uW

Information: report_power power group summary does not include estimated clock tree power. (PWR-789)

                 Internal         Switching           Leakage            Total
Power Group      Power            Power               Power              Power   (   %    )  Attrs
--------------------------------------------------------------------------------------------------
io_pad             0.0000            0.0000            0.0000            0.0000  (   0.00%)
memory             0.0000            0.0000            0.0000            0.0000  (   0.00%)
black_box          0.0000            0.0000            0.0000            0.0000  (   0.00%)
clock_network      0.0000            0.0000            0.0000            0.0000  (   0.00%)
register           0.0000            0.0000            0.0000            0.0000  (   0.00%)
sequential     6.3095e-05            0.0000        4.6544e+03        4.7175e-03  (   1.89%)
combinational  8.2118e-05        9.7772e-05        2.4433e+05            0.2445  (  98.11%)
--------------------------------------------------------------------------------------------------
Total          1.4521e-04 mW     9.7772e-05 mW     2.4899e+05 nW         0.2492 mW
1
