Information: Propagating switching activity (high effort zero delay simulation). (PWR-6)
Warning: Design has unannotated primary inputs. (PWR-414)
 
****************************************
Report : power
        -analysis_effort high
Design : arbiter_puf_N8
Version: R-2020.09-SP4
Date   : Thu Dec  8 11:39:41 2022
****************************************


Library(s) Used:

    lib_astd (File: /home/nbleier3/Libraries/PragmaticV2_0.db)


Operating Conditions: PVT_3V_25C   Library: lib_astd
Wire Load Model Mode: top


Global Operating Voltage = 3    
Power-specific unit information :
    Voltage Units = 1V
    Capacitance Units = 1.000000pf
    Time Units = 1ns
    Dynamic Power Units = 1mW    (derived from V,C,T units)
    Leakage Power Units = 1nW


  Cell Internal Power  =  63.8459 nW   (88%)
  Net Switching Power  =   8.3047 nW   (12%)
                         ---------
Total Dynamic Power    =  72.1506 nW  (100%)

Cell Leakage Power     =  44.9624 uW

Information: report_power power group summary does not include estimated clock tree power. (PWR-789)

                 Internal         Switching           Leakage            Total
Power Group      Power            Power               Power              Power   (   %    )  Attrs
--------------------------------------------------------------------------------------------------
io_pad             0.0000            0.0000            0.0000            0.0000  (   0.00%)
memory             0.0000            0.0000            0.0000            0.0000  (   0.00%)
black_box          0.0000            0.0000            0.0000            0.0000  (   0.00%)
clock_network      0.0000            0.0000            0.0000            0.0000  (   0.00%)
register           0.0000            0.0000            0.0000            0.0000  (   0.00%)
sequential     5.5681e-05            0.0000        4.6546e+03        4.7102e-03  (  10.46%)
combinational  8.1645e-06        8.3047e-06        4.0308e+04        4.0324e-02  (  89.54%)
--------------------------------------------------------------------------------------------------
Total          6.3846e-05 mW     8.3047e-06 mW     4.4962e+04 nW     4.5035e-02 mW
1
