Information: Propagating switching activity (high effort zero delay simulation). (PWR-6)
Warning: Design has unannotated primary inputs. (PWR-414)
 
****************************************
Report : power
        -analysis_effort high
Design : arbiter_puf_N17
Version: R-2020.09-SP4
Date   : Thu Dec  8 11:39:51 2022
****************************************


Library(s) Used:

    lib_astd (File: /home/nbleier3/Libraries/PragmaticV2_0.db)


Operating Conditions: PVT_3V_25C   Library: lib_astd
Wire Load Model Mode: top


Global Operating Voltage = 3    
Power-specific unit information :
    Voltage Units = 1V
    Capacitance Units = 1.000000pf
    Time Units = 1ns
    Dynamic Power Units = 1mW    (derived from V,C,T units)
    Leakage Power Units = 1nW


  Cell Internal Power  =  82.8890 nW   (77%)
  Net Switching Power  =  24.3192 nW   (23%)
                         ---------
Total Dynamic Power    = 107.2082 nW  (100%)

Cell Leakage Power     =  89.7541 uW

Information: report_power power group summary does not include estimated clock tree power. (PWR-789)

                 Internal         Switching           Leakage            Total
Power Group      Power            Power               Power              Power   (   %    )  Attrs
--------------------------------------------------------------------------------------------------
io_pad             0.0000            0.0000            0.0000            0.0000  (   0.00%)
memory             0.0000            0.0000            0.0000            0.0000  (   0.00%)
black_box          0.0000            0.0000            0.0000            0.0000  (   0.00%)
clock_network      0.0000            0.0000            0.0000            0.0000  (   0.00%)
register           0.0000            0.0000            0.0000            0.0000  (   0.00%)
sequential     6.0977e-05            0.0000        4.6604e+03        4.7213e-03  (   5.25%)
combinational  2.1912e-05        2.4319e-05        8.5094e+04        8.5140e-02  (  94.75%)
--------------------------------------------------------------------------------------------------
Total          8.2889e-05 mW     2.4319e-05 mW     8.9754e+04 nW     8.9861e-02 mW
1
