Information: Propagating switching activity (high effort zero delay simulation). (PWR-6)
Warning: Design has unannotated primary inputs. (PWR-414)
 
****************************************
Report : power
        -analysis_effort high
Design : arbiter_puf_N20
Version: R-2020.09-SP4
Date   : Thu Dec  8 11:39:54 2022
****************************************


Library(s) Used:

    lib_astd (File: /home/nbleier3/Libraries/PragmaticV2_0.db)


Operating Conditions: PVT_3V_25C   Library: lib_astd
Wire Load Model Mode: top


Global Operating Voltage = 3    
Power-specific unit information :
    Voltage Units = 1V
    Capacitance Units = 1.000000pf
    Time Units = 1ns
    Dynamic Power Units = 1mW    (derived from V,C,T units)
    Leakage Power Units = 1nW


  Cell Internal Power  =  86.9293 nW   (74%)
  Net Switching Power  =  30.9030 nW   (26%)
                         ---------
Total Dynamic Power    = 117.8323 nW  (100%)

Cell Leakage Power     = 104.6799 uW

Information: report_power power group summary does not include estimated clock tree power. (PWR-789)

                 Internal         Switching           Leakage            Total
Power Group      Power            Power               Power              Power   (   %    )  Attrs
--------------------------------------------------------------------------------------------------
io_pad             0.0000            0.0000            0.0000            0.0000  (   0.00%)
memory             0.0000            0.0000            0.0000            0.0000  (   0.00%)
black_box          0.0000            0.0000            0.0000            0.0000  (   0.00%)
clock_network      0.0000            0.0000            0.0000            0.0000  (   0.00%)
register           0.0000            0.0000            0.0000            0.0000  (   0.00%)
sequential     5.9597e-05            0.0000        4.6576e+03        4.7172e-03  (   4.50%)
combinational  2.7332e-05        3.0903e-05        1.0002e+05            0.1001  (  95.50%)
--------------------------------------------------------------------------------------------------
Total          8.6929e-05 mW     3.0903e-05 mW     1.0468e+05 nW         0.1048 mW
1
