Information: Propagating switching activity (high effort zero delay simulation). (PWR-6)
Warning: Design has unannotated primary inputs. (PWR-414)
 
****************************************
Report : power
        -analysis_effort high
Design : arbiter_puf_N36
Version: R-2020.09-SP4
Date   : Thu Dec  8 11:40:14 2022
****************************************


Library(s) Used:

    lib_astd (File: /home/nbleier3/Libraries/PragmaticV2_0.db)


Operating Conditions: PVT_3V_25C   Library: lib_astd
Wire Load Model Mode: top


Global Operating Voltage = 3    
Power-specific unit information :
    Voltage Units = 1V
    Capacitance Units = 1.000000pf
    Time Units = 1ns
    Dynamic Power Units = 1mW    (derived from V,C,T units)
    Leakage Power Units = 1nW


  Cell Internal Power  = 115.2548 nW   (63%)
  Net Switching Power  =  66.2525 nW   (37%)
                         ---------
Total Dynamic Power    = 181.5074 nW  (100%)

Cell Leakage Power     = 184.2910 uW

Information: report_power power group summary does not include estimated clock tree power. (PWR-789)

                 Internal         Switching           Leakage            Total
Power Group      Power            Power               Power              Power   (   %    )  Attrs
--------------------------------------------------------------------------------------------------
io_pad             0.0000            0.0000            0.0000            0.0000  (   0.00%)
memory             0.0000            0.0000            0.0000            0.0000  (   0.00%)
black_box          0.0000            0.0000            0.0000            0.0000  (   0.00%)
clock_network      0.0000            0.0000            0.0000            0.0000  (   0.00%)
register           0.0000            0.0000            0.0000            0.0000  (   0.00%)
sequential     5.8841e-05            0.0000        4.6493e+03        4.7082e-03  (   2.55%)
combinational  5.6414e-05        6.6253e-05        1.7964e+05            0.1798  (  97.45%)
--------------------------------------------------------------------------------------------------
Total          1.1525e-04 mW     6.6253e-05 mW     1.8429e+05 nW         0.1845 mW
1
