Information: Propagating switching activity (high effort zero delay simulation). (PWR-6)
Warning: Design has unannotated primary inputs. (PWR-414)
 
****************************************
Report : power
        -analysis_effort high
Design : arbiter_puf_N33
Version: R-2020.09-SP4
Date   : Thu Dec  8 11:40:10 2022
****************************************


Library(s) Used:

    lib_astd (File: /home/nbleier3/Libraries/PragmaticV2_0.db)


Operating Conditions: PVT_3V_25C   Library: lib_astd
Wire Load Model Mode: top


Global Operating Voltage = 3    
Power-specific unit information :
    Voltage Units = 1V
    Capacitance Units = 1.000000pf
    Time Units = 1ns
    Dynamic Power Units = 1mW    (derived from V,C,T units)
    Leakage Power Units = 1nW


  Cell Internal Power  = 110.1095 nW   (65%)
  Net Switching Power  =  59.9787 nW   (35%)
                         ---------
Total Dynamic Power    = 170.0882 nW  (100%)

Cell Leakage Power     = 169.3741 uW

Information: report_power power group summary does not include estimated clock tree power. (PWR-789)

                 Internal         Switching           Leakage            Total
Power Group      Power            Power               Power              Power   (   %    )  Attrs
--------------------------------------------------------------------------------------------------
io_pad             0.0000            0.0000            0.0000            0.0000  (   0.00%)
memory             0.0000            0.0000            0.0000            0.0000  (   0.00%)
black_box          0.0000            0.0000            0.0000            0.0000  (   0.00%)
clock_network      0.0000            0.0000            0.0000            0.0000  (   0.00%)
register           0.0000            0.0000            0.0000            0.0000  (   0.00%)
sequential     5.8769e-05            0.0000        4.6611e+03        4.7199e-03  (   2.78%)
combinational  5.1340e-05        5.9979e-05        1.6471e+05            0.1648  (  97.22%)
--------------------------------------------------------------------------------------------------
Total          1.1011e-04 mW     5.9979e-05 mW     1.6937e+05 nW         0.1695 mW
1
