Information: Propagating switching activity (high effort zero delay simulation). (PWR-6)
Warning: Design has unannotated primary inputs. (PWR-414)
 
****************************************
Report : power
        -analysis_effort high
Design : arbiter_puf_N26
Version: R-2020.09-SP4
Date   : Thu Dec  8 11:40:01 2022
****************************************


Library(s) Used:

    lib_astd (File: /home/nbleier3/Libraries/PragmaticV2_0.db)


Operating Conditions: PVT_3V_25C   Library: lib_astd
Wire Load Model Mode: top


Global Operating Voltage = 3    
Power-specific unit information :
    Voltage Units = 1V
    Capacitance Units = 1.000000pf
    Time Units = 1ns
    Dynamic Power Units = 1mW    (derived from V,C,T units)
    Leakage Power Units = 1nW


  Cell Internal Power  =  95.1829 nW   (69%)
  Net Switching Power  =  43.5971 nW   (31%)
                         ---------
Total Dynamic Power    = 138.7800 nW  (100%)

Cell Leakage Power     = 134.5359 uW

Information: report_power power group summary does not include estimated clock tree power. (PWR-789)

                 Internal         Switching           Leakage            Total
Power Group      Power            Power               Power              Power   (   %    )  Attrs
--------------------------------------------------------------------------------------------------
io_pad             0.0000            0.0000            0.0000            0.0000  (   0.00%)
memory             0.0000            0.0000            0.0000            0.0000  (   0.00%)
black_box          0.0000            0.0000            0.0000            0.0000  (   0.00%)
clock_network      0.0000            0.0000            0.0000            0.0000  (   0.00%)
register           0.0000            0.0000            0.0000            0.0000  (   0.00%)
sequential     5.7304e-05            0.0000        4.6563e+03        4.7136e-03  (   3.50%)
combinational  3.7879e-05        4.3597e-05        1.2988e+05            0.1300  (  96.50%)
--------------------------------------------------------------------------------------------------
Total          9.5183e-05 mW     4.3597e-05 mW     1.3454e+05 nW         0.1347 mW
1
