Information: Propagating switching activity (high effort zero delay simulation). (PWR-6)
Warning: Design has unannotated primary inputs. (PWR-414)
 
****************************************
Report : power
        -analysis_effort high
Design : arbiter_puf_N63
Version: R-2020.09-SP4
Date   : Thu Dec  8 11:40:53 2022
****************************************


Library(s) Used:

    lib_astd (File: /home/nbleier3/Libraries/PragmaticV2_0.db)


Operating Conditions: PVT_3V_25C   Library: lib_astd
Wire Load Model Mode: top


Global Operating Voltage = 3    
Power-specific unit information :
    Voltage Units = 1V
    Capacitance Units = 1.000000pf
    Time Units = 1ns
    Dynamic Power Units = 1mW    (derived from V,C,T units)
    Leakage Power Units = 1nW


  Cell Internal Power  = 167.1828 nW   (57%)
  Net Switching Power  = 126.9750 nW   (43%)
                         ---------
Total Dynamic Power    = 294.1578 nW  (100%)

Cell Leakage Power     = 318.6581 uW

Information: report_power power group summary does not include estimated clock tree power. (PWR-789)

                 Internal         Switching           Leakage            Total
Power Group      Power            Power               Power              Power   (   %    )  Attrs
--------------------------------------------------------------------------------------------------
io_pad             0.0000            0.0000            0.0000            0.0000  (   0.00%)
memory             0.0000            0.0000            0.0000            0.0000  (   0.00%)
black_box          0.0000            0.0000            0.0000            0.0000  (   0.00%)
clock_network      0.0000            0.0000            0.0000            0.0000  (   0.00%)
register           0.0000            0.0000            0.0000            0.0000  (   0.00%)
sequential     6.0567e-05            0.0000        4.6589e+03        4.7194e-03  (   1.48%)
combinational  1.0662e-04        1.2698e-04        3.1400e+05            0.3142  (  98.52%)
--------------------------------------------------------------------------------------------------
Total          1.6718e-04 mW     1.2698e-04 mW     3.1866e+05 nW         0.3190 mW
1
