Information: Propagating switching activity (high effort zero delay simulation). (PWR-6)
Warning: Design has unannotated primary inputs. (PWR-414)
 
****************************************
Report : power
        -analysis_effort high
Design : arbiter_puf_N38
Version: R-2020.09-SP4
Date   : Thu Dec  8 11:40:16 2022
****************************************


Library(s) Used:

    lib_astd (File: /home/nbleier3/Libraries/PragmaticV2_0.db)


Operating Conditions: PVT_3V_25C   Library: lib_astd
Wire Load Model Mode: top


Global Operating Voltage = 3    
Power-specific unit information :
    Voltage Units = 1V
    Capacitance Units = 1.000000pf
    Time Units = 1ns
    Dynamic Power Units = 1mW    (derived from V,C,T units)
    Leakage Power Units = 1nW


  Cell Internal Power  = 120.4906 nW   (63%)
  Net Switching Power  =  69.5819 nW   (37%)
                         ---------
Total Dynamic Power    = 190.0725 nW  (100%)

Cell Leakage Power     = 194.2637 uW

Information: report_power power group summary does not include estimated clock tree power. (PWR-789)

                 Internal         Switching           Leakage            Total
Power Group      Power            Power               Power              Power   (   %    )  Attrs
--------------------------------------------------------------------------------------------------
io_pad             0.0000            0.0000            0.0000            0.0000  (   0.00%)
memory             0.0000            0.0000            0.0000            0.0000  (   0.00%)
black_box          0.0000            0.0000            0.0000            0.0000  (   0.00%)
clock_network      0.0000            0.0000            0.0000            0.0000  (   0.00%)
register           0.0000            0.0000            0.0000            0.0000  (   0.00%)
sequential     6.0870e-05            0.0000        4.6698e+03        4.7306e-03  (   2.43%)
combinational  5.9621e-05        6.9582e-05        1.8959e+05            0.1897  (  97.57%)
--------------------------------------------------------------------------------------------------
Total          1.2049e-04 mW     6.9582e-05 mW     1.9426e+05 nW         0.1945 mW
1
