Information: Propagating switching activity (high effort zero delay simulation). (PWR-6)
Warning: Design has unannotated primary inputs. (PWR-414)
 
****************************************
Report : power
        -analysis_effort high
Design : arbiter_puf_N47
Version: R-2020.09-SP4
Date   : Thu Dec  8 11:40:29 2022
****************************************


Library(s) Used:

    lib_astd (File: /home/nbleier3/Libraries/PragmaticV2_0.db)


Operating Conditions: PVT_3V_25C   Library: lib_astd
Wire Load Model Mode: top


Global Operating Voltage = 3    
Power-specific unit information :
    Voltage Units = 1V
    Capacitance Units = 1.000000pf
    Time Units = 1ns
    Dynamic Power Units = 1mW    (derived from V,C,T units)
    Leakage Power Units = 1nW


  Cell Internal Power  = 141.3221 nW   (61%)
  Net Switching Power  =  92.0619 nW   (39%)
                         ---------
Total Dynamic Power    = 233.3839 nW  (100%)

Cell Leakage Power     = 239.0369 uW

Information: report_power power group summary does not include estimated clock tree power. (PWR-789)

                 Internal         Switching           Leakage            Total
Power Group      Power            Power               Power              Power   (   %    )  Attrs
--------------------------------------------------------------------------------------------------
io_pad             0.0000            0.0000            0.0000            0.0000  (   0.00%)
memory             0.0000            0.0000            0.0000            0.0000  (   0.00%)
black_box          0.0000            0.0000            0.0000            0.0000  (   0.00%)
clock_network      0.0000            0.0000            0.0000            0.0000  (   0.00%)
register           0.0000            0.0000            0.0000            0.0000  (   0.00%)
sequential     6.3698e-05            0.0000        4.6569e+03        4.7206e-03  (   1.97%)
combinational  7.7624e-05        9.2062e-05        2.3438e+05            0.2345  (  98.03%)
--------------------------------------------------------------------------------------------------
Total          1.4132e-04 mW     9.2062e-05 mW     2.3904e+05 nW         0.2393 mW
1
