Information: Propagating switching activity (high effort zero delay simulation). (PWR-6)
Warning: Design has unannotated primary inputs. (PWR-414)
 
****************************************
Report : power
        -analysis_effort high
Design : arbiter_puf_N50
Version: R-2020.09-SP4
Date   : Thu Dec  8 11:40:33 2022
****************************************


Library(s) Used:

    lib_astd (File: /home/nbleier3/Libraries/PragmaticV2_0.db)


Operating Conditions: PVT_3V_25C   Library: lib_astd
Wire Load Model Mode: top


Global Operating Voltage = 3    
Power-specific unit information :
    Voltage Units = 1V
    Capacitance Units = 1.000000pf
    Time Units = 1ns
    Dynamic Power Units = 1mW    (derived from V,C,T units)
    Leakage Power Units = 1nW


  Cell Internal Power  = 146.6726 nW   (60%)
  Net Switching Power  =  99.3751 nW   (40%)
                         ---------
Total Dynamic Power    = 246.0477 nW  (100%)

Cell Leakage Power     = 253.9693 uW

Information: report_power power group summary does not include estimated clock tree power. (PWR-789)

                 Internal         Switching           Leakage            Total
Power Group      Power            Power               Power              Power   (   %    )  Attrs
--------------------------------------------------------------------------------------------------
io_pad             0.0000            0.0000            0.0000            0.0000  (   0.00%)
memory             0.0000            0.0000            0.0000            0.0000  (   0.00%)
black_box          0.0000            0.0000            0.0000            0.0000  (   0.00%)
clock_network      0.0000            0.0000            0.0000            0.0000  (   0.00%)
register           0.0000            0.0000            0.0000            0.0000  (   0.00%)
sequential     6.2998e-05            0.0000        4.6608e+03        4.7238e-03  (   1.86%)
combinational  8.3675e-05        9.9375e-05        2.4931e+05            0.2495  (  98.14%)
--------------------------------------------------------------------------------------------------
Total          1.4667e-04 mW     9.9375e-05 mW     2.5397e+05 nW         0.2542 mW
1
