Information: Propagating switching activity (high effort zero delay simulation). (PWR-6)
Warning: Design has unannotated primary inputs. (PWR-414)
 
****************************************
Report : power
        -analysis_effort high
Design : arbiter_puf_N21
Version: R-2020.09-SP4
Date   : Thu Dec  8 11:39:55 2022
****************************************


Library(s) Used:

    lib_astd (File: /home/nbleier3/Libraries/PragmaticV2_0.db)


Operating Conditions: PVT_3V_25C   Library: lib_astd
Wire Load Model Mode: top


Global Operating Voltage = 3    
Power-specific unit information :
    Voltage Units = 1V
    Capacitance Units = 1.000000pf
    Time Units = 1ns
    Dynamic Power Units = 1mW    (derived from V,C,T units)
    Leakage Power Units = 1nW


  Cell Internal Power  =  86.6893 nW   (72%)
  Net Switching Power  =  33.2710 nW   (28%)
                         ---------
Total Dynamic Power    = 119.9603 nW  (100%)

Cell Leakage Power     = 109.6602 uW

Information: report_power power group summary does not include estimated clock tree power. (PWR-789)

                 Internal         Switching           Leakage            Total
Power Group      Power            Power               Power              Power   (   %    )  Attrs
--------------------------------------------------------------------------------------------------
io_pad             0.0000            0.0000            0.0000            0.0000  (   0.00%)
memory             0.0000            0.0000            0.0000            0.0000  (   0.00%)
black_box          0.0000            0.0000            0.0000            0.0000  (   0.00%)
clock_network      0.0000            0.0000            0.0000            0.0000  (   0.00%)
register           0.0000            0.0000            0.0000            0.0000  (   0.00%)
sequential     5.7400e-05            0.0000        4.6617e+03        4.7191e-03  (   4.30%)
combinational  2.9290e-05        3.3271e-05        1.0500e+05            0.1051  (  95.70%)
--------------------------------------------------------------------------------------------------
Total          8.6689e-05 mW     3.3271e-05 mW     1.0966e+05 nW         0.1098 mW
1
