Information: Propagating switching activity (high effort zero delay simulation). (PWR-6)
Warning: Design has unannotated primary inputs. (PWR-414)
 
****************************************
Report : power
        -analysis_effort high
Design : arbiter_puf_N32
Version: R-2020.09-SP4
Date   : Thu Dec  8 11:40:09 2022
****************************************


Library(s) Used:

    lib_astd (File: /home/nbleier3/Libraries/PragmaticV2_0.db)


Operating Conditions: PVT_3V_25C   Library: lib_astd
Wire Load Model Mode: top


Global Operating Voltage = 3    
Power-specific unit information :
    Voltage Units = 1V
    Capacitance Units = 1.000000pf
    Time Units = 1ns
    Dynamic Power Units = 1mW    (derived from V,C,T units)
    Leakage Power Units = 1nW


  Cell Internal Power  = 116.9235 nW   (67%)
  Net Switching Power  =  57.5160 nW   (33%)
                         ---------
Total Dynamic Power    = 174.4395 nW  (100%)

Cell Leakage Power     = 164.3976 uW

Information: report_power power group summary does not include estimated clock tree power. (PWR-789)

                 Internal         Switching           Leakage            Total
Power Group      Power            Power               Power              Power   (   %    )  Attrs
--------------------------------------------------------------------------------------------------
io_pad             0.0000            0.0000            0.0000            0.0000  (   0.00%)
memory             0.0000            0.0000            0.0000            0.0000  (   0.00%)
black_box          0.0000            0.0000            0.0000            0.0000  (   0.00%)
clock_network      0.0000            0.0000            0.0000            0.0000  (   0.00%)
register           0.0000            0.0000            0.0000            0.0000  (   0.00%)
sequential     6.7587e-05            0.0000        4.6609e+03        4.7284e-03  (   2.87%)
combinational  4.9336e-05        5.7516e-05        1.5974e+05            0.1598  (  97.13%)
--------------------------------------------------------------------------------------------------
Total          1.1692e-04 mW     5.7516e-05 mW     1.6440e+05 nW         0.1646 mW
1
