 
****************************************
Report : area
Design : bch_decoder_T14_DATA_BITS40_NCHANNEL1
Version: R-2020.09-SP4
Date   : Thu Dec  8 21:58:12 2022
****************************************

Information: Updating design information... (UID-85)
Library(s) Used:

    lib_astd (File: /home/nbleier3/Libraries/PragmaticV2_0.db)

Number of ports:                            6
Number of nets:                            35
Number of cells:                           30
Number of combinational cells:             22
Number of sequential cells:                 8
Number of macros/black boxes:               0
Number of buf/inv:                          6
Number of references:                      11

Combinational area:              32832.000000
Buf/Inv area:                     6912.000000
Noncombinational area:           76032.000000
Macro/Black Box area:                0.000000
Net Interconnect area:      undefined  (No wire load specified)

Total cell area:                108864.000000
Total area:                 undefined
1
