 
****************************************
Report : area
Design : bch_decoder_T3_DATA_BITS4_NCHANNEL1
Version: R-2020.09-SP4
Date   : Thu Dec  8 16:51:35 2022
****************************************

Information: Updating design information... (UID-85)
Library(s) Used:

    lib_astd (File: /home/nbleier3/Libraries/PragmaticV2_0.db)

Number of ports:                            6
Number of nets:                            22
Number of cells:                           18
Number of combinational cells:             13
Number of sequential cells:                 5
Number of macros/black boxes:               0
Number of buf/inv:                          1
Number of references:                      12

Combinational area:              19584.000000
Buf/Inv area:                     1152.000000
Noncombinational area:           48384.000000
Macro/Black Box area:                0.000000
Net Interconnect area:      undefined  (No wire load specified)

Total cell area:                 67968.000000
Total area:                 undefined
1
