 
****************************************
Report : area
Design : bch_decoder_T12_DATA_BITS24_NCHANNEL1
Version: R-2020.09-SP4
Date   : Thu Dec  8 20:34:42 2022
****************************************

Information: Updating design information... (UID-85)
Library(s) Used:

    lib_astd (File: /home/nbleier3/Libraries/PragmaticV2_0.db)

Number of ports:                            6
Number of nets:                            33
Number of cells:                           26
Number of combinational cells:             18
Number of sequential cells:                 8
Number of macros/black boxes:               0
Number of buf/inv:                          2
Number of references:                      13

Combinational area:              29952.000000
Buf/Inv area:                     2304.000000
Noncombinational area:           76608.000000
Macro/Black Box area:                0.000000
Net Interconnect area:      undefined  (No wire load specified)

Total cell area:                106560.000000
Total area:                 undefined
1
