 
****************************************
Report : area
Design : bch_decoder_T15_DATA_BITS40_NCHANNEL1
Version: R-2020.09-SP4
Date   : Thu Dec  8 22:02:08 2022
****************************************

Information: Updating design information... (UID-85)
Library(s) Used:

    lib_astd (File: /home/nbleier3/Libraries/PragmaticV2_0.db)

Number of ports:                            6
Number of nets:                            38
Number of cells:                           34
Number of combinational cells:             25
Number of sequential cells:                 9
Number of macros/black boxes:               0
Number of buf/inv:                          5
Number of references:                      13

Combinational area:              37728.000000
Buf/Inv area:                     5760.000000
Noncombinational area:           85824.000000
Macro/Black Box area:                0.000000
Net Interconnect area:      undefined  (No wire load specified)

Total cell area:                123552.000000
Total area:                 undefined
1
