 
****************************************
Report : area
Design : bch_decoder_T2_DATA_BITS16_NCHANNEL1
Version: R-2020.09-SP4
Date   : Thu Dec  8 17:01:50 2022
****************************************

Information: Updating design information... (UID-85)
Library(s) Used:

    lib_astd (File: /home/nbleier3/Libraries/PragmaticV2_0.db)

Number of ports:                            6
Number of nets:                            27
Number of cells:                           22
Number of combinational cells:             16
Number of sequential cells:                 6
Number of macros/black boxes:               0
Number of buf/inv:                          2
Number of references:                      12

Combinational area:              23328.000000
Buf/Inv area:                     2304.000000
Noncombinational area:           57600.000000
Macro/Black Box area:                0.000000
Net Interconnect area:      undefined  (No wire load specified)

Total cell area:                 80928.000000
Total area:                 undefined
1
