 
****************************************
Report : area
Design : bch_decoder_T2_DATA_BITS12_NCHANNEL1
Version: R-2020.09-SP4
Date   : Thu Dec  8 16:56:52 2022
****************************************

Information: Updating design information... (UID-85)
Library(s) Used:

    lib_astd (File: /home/nbleier3/Libraries/PragmaticV2_0.db)

Number of ports:                            6
Number of nets:                            28
Number of cells:                           23
Number of combinational cells:             17
Number of sequential cells:                 6
Number of macros/black boxes:               0
Number of buf/inv:                          4
Number of references:                       9

Combinational area:              23040.000000
Buf/Inv area:                     4608.000000
Noncombinational area:           57600.000000
Macro/Black Box area:                0.000000
Net Interconnect area:      undefined  (No wire load specified)

Total cell area:                 80640.000000
Total area:                 undefined
1
