 
****************************************
Report : area
Design : bch_decoder_T2_DATA_BITS4_NCHANNEL1
Version: R-2020.09-SP4
Date   : Thu Dec  8 16:51:04 2022
****************************************

Information: Updating design information... (UID-85)
Library(s) Used:

    lib_astd (File: /home/nbleier3/Libraries/PragmaticV2_0.db)

Number of ports:                            6
Number of nets:                            22
Number of cells:                           17
Number of combinational cells:             12
Number of sequential cells:                 5
Number of macros/black boxes:               0
Number of buf/inv:                          1
Number of references:                       9

Combinational area:              17568.000000
Buf/Inv area:                     1152.000000
Noncombinational area:           46080.000000
Macro/Black Box area:                0.000000
Net Interconnect area:      undefined  (No wire load specified)

Total cell area:                 63648.000000
Total area:                 undefined
1
