 
****************************************
Report : area
Design : bch_decoder_T4_DATA_BITS20_NCHANNEL1
Version: R-2020.09-SP4
Date   : Thu Dec  8 17:08:06 2022
****************************************

Information: Updating design information... (UID-85)
Library(s) Used:

    lib_astd (File: /home/nbleier3/Libraries/PragmaticV2_0.db)

Number of ports:                            6
Number of nets:                            30
Number of cells:                           26
Number of combinational cells:             19
Number of sequential cells:                 7
Number of macros/black boxes:               0
Number of buf/inv:                          4
Number of references:                      12

Combinational area:              28224.000000
Buf/Inv area:                     4608.000000
Noncombinational area:           66816.000000
Macro/Black Box area:                0.000000
Net Interconnect area:      undefined  (No wire load specified)

Total cell area:                 95040.000000
Total area:                 undefined
1
