 
****************************************
Report : area
Design : bch_decoder_T3_DATA_BITS124_NCHANNEL1
Version: R-2020.09-SP4
Date   : Thu Dec  8 19:16:50 2022
****************************************

Information: Updating design information... (UID-85)
Library(s) Used:

    lib_astd (File: /home/nbleier3/Libraries/PragmaticV2_0.db)

Number of ports:                            6
Number of nets:                            38
Number of cells:                           32
Number of combinational cells:             23
Number of sequential cells:                 9
Number of macros/black boxes:               0
Number of buf/inv:                          3
Number of references:                      12

Combinational area:              35424.000000
Buf/Inv area:                     3456.000000
Noncombinational area:           85248.000000
Macro/Black Box area:                0.000000
Net Interconnect area:      undefined  (No wire load specified)

Total cell area:                120672.000000
Total area:                 undefined
1
