Information: Propagating switching activity (high effort zero delay simulation). (PWR-6)
Warning: Design has unannotated primary inputs. (PWR-414)
Warning: Design has unannotated sequential cell outputs. (PWR-415)
 
****************************************
Report : power
        -analysis_effort high
Design : bch_decoder_T2_DATA_BITS52_NCHANNEL1
Version: R-2020.09-SP4
Date   : Thu Dec  8 17:46:57 2022
****************************************


Library(s) Used:

    lib_astd (File: /home/nbleier3/Libraries/PragmaticV2_0.db)


Operating Conditions: PVT_3V_25C   Library: lib_astd
Wire Load Model Mode: top


Global Operating Voltage = 3    
Power-specific unit information :
    Voltage Units = 1V
    Capacitance Units = 1.000000pf
    Time Units = 1ns
    Dynamic Power Units = 1mW    (derived from V,C,T units)
    Leakage Power Units = 1nW


  Cell Internal Power  =   3.6498 uW  (100%)
  Net Switching Power  =  10.9096 nW    (0%)
                         ---------
Total Dynamic Power    =   3.6607 uW  (100%)

Cell Leakage Power     =  49.0012 uW


                 Internal         Switching           Leakage            Total
Power Group      Power            Power               Power              Power   (   %    )  Attrs
--------------------------------------------------------------------------------------------------
io_pad             0.0000            0.0000            0.0000            0.0000  (   0.00%)
memory             0.0000            0.0000            0.0000            0.0000  (   0.00%)
black_box          0.0000            0.0000            0.0000            0.0000  (   0.00%)
clock_network      0.0000            0.0000            0.0000            0.0000  (   0.00%)
register       3.6429e-03        6.9225e-06        4.0795e+04        4.4445e-02  (  84.40%)
sequential         0.0000            0.0000            0.0000            0.0000  (   0.00%)
combinational  6.8629e-06        3.9872e-06        8.2061e+03        8.2170e-03  (  15.60%)
--------------------------------------------------------------------------------------------------
Total          3.6498e-03 mW     1.0910e-05 mW     4.9001e+04 nW     5.2662e-02 mW
1
