Information: Propagating switching activity (high effort zero delay simulation). (PWR-6)
Warning: Design has unannotated primary inputs. (PWR-414)
Warning: Design has unannotated sequential cell outputs. (PWR-415)
 
****************************************
Report : power
        -analysis_effort high
Design : bch_decoder_T8_DATA_BITS124_NCHANNEL1
Version: R-2020.09-SP4
Date   : Fri Dec  9 04:46:49 2022
****************************************


Library(s) Used:

    lib_astd (File: /home/nbleier3/Libraries/PragmaticV2_0.db)


Operating Conditions: PVT_3V_25C   Library: lib_astd
Wire Load Model Mode: top


Global Operating Voltage = 3    
Power-specific unit information :
    Voltage Units = 1V
    Capacitance Units = 1.000000pf
    Time Units = 1ns
    Dynamic Power Units = 1mW    (derived from V,C,T units)
    Leakage Power Units = 1nW


  Cell Internal Power  =   1.4403 uW   (99%)
  Net Switching Power  =   9.7600 nW    (1%)
                         ---------
Total Dynamic Power    =   1.4500 uW  (100%)

Cell Leakage Power     =  56.2665 uW


                 Internal         Switching           Leakage            Total
Power Group      Power            Power               Power              Power   (   %    )  Attrs
--------------------------------------------------------------------------------------------------
io_pad             0.0000            0.0000            0.0000            0.0000  (   0.00%)
memory             0.0000            0.0000            0.0000            0.0000  (   0.00%)
black_box          0.0000            0.0000            0.0000            0.0000  (   0.00%)
clock_network      0.0000            0.0000            0.0000            0.0000  (   0.00%)
register       1.4331e-03        5.5418e-06        4.5349e+04        4.6788e-02  (  81.07%)
sequential         0.0000            0.0000            0.0000            0.0000  (   0.00%)
combinational  7.1345e-06        4.2182e-06        1.0917e+04        1.0928e-02  (  18.93%)
--------------------------------------------------------------------------------------------------
Total          1.4403e-03 mW     9.7600e-06 mW     5.6266e+04 nW     5.7717e-02 mW
1
