Information: Propagating switching activity (high effort zero delay simulation). (PWR-6)
Warning: Design has unannotated primary inputs. (PWR-414)
 
****************************************
Report : power
        -analysis_effort high
Design : bch_decoder_T10_DATA_BITS32_NCHANNEL1
Version: R-2020.09-SP4
Date   : Thu Dec  8 21:08:40 2022
****************************************


Library(s) Used:

    lib_astd (File: /home/nbleier3/Libraries/PragmaticV2_0.db)


Operating Conditions: PVT_3V_25C   Library: lib_astd
Wire Load Model Mode: top


Global Operating Voltage = 3    
Power-specific unit information :
    Voltage Units = 1V
    Capacitance Units = 1.000000pf
    Time Units = 1ns
    Dynamic Power Units = 1mW    (derived from V,C,T units)
    Leakage Power Units = 1nW


  Cell Internal Power  =   3.0631 uW  (100%)
  Net Switching Power  =  14.8541 nW    (0%)
                         ---------
Total Dynamic Power    =   3.0779 uW  (100%)

Cell Leakage Power     =  50.6223 uW


                 Internal         Switching           Leakage            Total
Power Group      Power            Power               Power              Power   (   %    )  Attrs
--------------------------------------------------------------------------------------------------
io_pad             0.0000            0.0000            0.0000            0.0000  (   0.00%)
memory             0.0000            0.0000            0.0000            0.0000  (   0.00%)
black_box          0.0000            0.0000            0.0000            0.0000  (   0.00%)
clock_network      0.0000            0.0000            0.0000            0.0000  (   0.00%)
register       3.0497e-03        9.6752e-06        4.0878e+04        4.3938e-02  (  81.82%)
sequential         0.0000            0.0000            0.0000            0.0000  (   0.00%)
combinational  1.3434e-05        5.1789e-06        9.7441e+03        9.7627e-03  (  18.18%)
--------------------------------------------------------------------------------------------------
Total          3.0631e-03 mW     1.4854e-05 mW     5.0622e+04 nW     5.3700e-02 mW
1
