Information: Propagating switching activity (high effort zero delay simulation). (PWR-6)
Warning: Design has unannotated primary inputs. (PWR-414)
Warning: Design has unannotated sequential cell outputs. (PWR-415)
 
****************************************
Report : power
        -analysis_effort high
Design : bch_decoder_T14_DATA_BITS32_NCHANNEL1
Version: R-2020.09-SP4
Date   : Thu Dec  8 21:19:21 2022
****************************************


Library(s) Used:

    lib_astd (File: /home/nbleier3/Libraries/PragmaticV2_0.db)


Operating Conditions: PVT_3V_25C   Library: lib_astd
Wire Load Model Mode: top


Global Operating Voltage = 3    
Power-specific unit information :
    Voltage Units = 1V
    Capacitance Units = 1.000000pf
    Time Units = 1ns
    Dynamic Power Units = 1mW    (derived from V,C,T units)
    Leakage Power Units = 1nW


  Cell Internal Power  =   1.2706 uW   (99%)
  Net Switching Power  =  13.3116 nW    (1%)
                         ---------
Total Dynamic Power    =   1.2839 uW  (100%)

Cell Leakage Power     =  47.8974 uW


                 Internal         Switching           Leakage            Total
Power Group      Power            Power               Power              Power   (   %    )  Attrs
--------------------------------------------------------------------------------------------------
io_pad             0.0000            0.0000            0.0000            0.0000  (   0.00%)
memory             0.0000            0.0000            0.0000            0.0000  (   0.00%)
black_box          0.0000            0.0000            0.0000            0.0000  (   0.00%)
clock_network      0.0000            0.0000            0.0000            0.0000  (   0.00%)
register       1.2624e-03        9.1776e-06        4.0920e+04        4.2192e-02  (  85.79%)
sequential         0.0000            0.0000            0.0000            0.0000  (   0.00%)
combinational  8.2457e-06        4.1340e-06        6.9774e+03        6.9898e-03  (  14.21%)
--------------------------------------------------------------------------------------------------
Total          1.2706e-03 mW     1.3312e-05 mW     4.7897e+04 nW     4.9181e-02 mW
1
