Information: Propagating switching activity (high effort zero delay simulation). (PWR-6)
Warning: Design has unannotated primary inputs. (PWR-414)
 
****************************************
Report : power
        -analysis_effort high
Design : bch_decoder_T9_DATA_BITS68_NCHANNEL1
Version: R-2020.09-SP4
Date   : Fri Dec  9 00:09:53 2022
****************************************


Library(s) Used:

    lib_astd (File: /home/nbleier3/Libraries/PragmaticV2_0.db)


Operating Conditions: PVT_3V_25C   Library: lib_astd
Wire Load Model Mode: top


Global Operating Voltage = 3    
Power-specific unit information :
    Voltage Units = 1V
    Capacitance Units = 1.000000pf
    Time Units = 1ns
    Dynamic Power Units = 1mW    (derived from V,C,T units)
    Leakage Power Units = 1nW


  Cell Internal Power  =   1.7209 uW   (99%)
  Net Switching Power  =  18.4904 nW    (1%)
                         ---------
Total Dynamic Power    =   1.7394 uW  (100%)

Cell Leakage Power     =  51.7147 uW


                 Internal         Switching           Leakage            Total
Power Group      Power            Power               Power              Power   (   %    )  Attrs
--------------------------------------------------------------------------------------------------
io_pad             0.0000            0.0000            0.0000            0.0000  (   0.00%)
memory             0.0000            0.0000            0.0000            0.0000  (   0.00%)
black_box          0.0000            0.0000            0.0000            0.0000  (   0.00%)
clock_network      0.0000            0.0000            0.0000            0.0000  (   0.00%)
register       1.7059e-03        1.2922e-05        4.0975e+04        4.2694e-02  (  79.87%)
sequential         0.0000            0.0000            0.0000            0.0000  (   0.00%)
combinational  1.5035e-05        5.5686e-06        1.0740e+04        1.0760e-02  (  20.13%)
--------------------------------------------------------------------------------------------------
Total          1.7209e-03 mW     1.8490e-05 mW     5.1715e+04 nW     5.3454e-02 mW
1
