Information: Propagating switching activity (high effort zero delay simulation). (PWR-6)
Warning: Design has unannotated primary inputs. (PWR-414)
Warning: Design has unannotated sequential cell outputs. (PWR-415)
 
****************************************
Report : power
        -analysis_effort high
Design : bch_decoder_T10_DATA_BITS108_NCHANNEL1
Version: R-2020.09-SP4
Date   : Fri Dec  9 03:31:05 2022
****************************************


Library(s) Used:

    lib_astd (File: /home/nbleier3/Libraries/PragmaticV2_0.db)


Operating Conditions: PVT_3V_25C   Library: lib_astd
Wire Load Model Mode: top


Global Operating Voltage = 3    
Power-specific unit information :
    Voltage Units = 1V
    Capacitance Units = 1.000000pf
    Time Units = 1ns
    Dynamic Power Units = 1mW    (derived from V,C,T units)
    Leakage Power Units = 1nW


  Cell Internal Power  =   2.8821 uW   (99%)
  Net Switching Power  =  18.6899 nW    (1%)
                         ---------
Total Dynamic Power    =   2.9008 uW  (100%)

Cell Leakage Power     =  57.0139 uW


                 Internal         Switching           Leakage            Total
Power Group      Power            Power               Power              Power   (   %    )  Attrs
--------------------------------------------------------------------------------------------------
io_pad             0.0000            0.0000            0.0000            0.0000  (   0.00%)
memory             0.0000            0.0000            0.0000            0.0000  (   0.00%)
black_box          0.0000            0.0000            0.0000            0.0000  (   0.00%)
clock_network      0.0000            0.0000            0.0000            0.0000  (   0.00%)
register       2.8678e-03        1.0569e-05        4.6014e+04        4.8893e-02  (  81.60%)
sequential         0.0000            0.0000            0.0000            0.0000  (   0.00%)
combinational  1.4317e-05        8.1205e-06        1.1000e+04        1.1022e-02  (  18.40%)
--------------------------------------------------------------------------------------------------
Total          2.8821e-03 mW     1.8690e-05 mW     5.7014e+04 nW     5.9915e-02 mW
1
