Information: Propagating switching activity (high effort zero delay simulation). (PWR-6)
Warning: Design has unannotated primary inputs. (PWR-414)
Warning: Design has unannotated sequential cell outputs. (PWR-415)
 
****************************************
Report : power
        -analysis_effort high
Design : bch_decoder_T13_DATA_BITS116_NCHANNEL1
Version: R-2020.09-SP4
Date   : Fri Dec  9 04:18:41 2022
****************************************


Library(s) Used:

    lib_astd (File: /home/nbleier3/Libraries/PragmaticV2_0.db)


Operating Conditions: PVT_3V_25C   Library: lib_astd
Wire Load Model Mode: top


Global Operating Voltage = 3    
Power-specific unit information :
    Voltage Units = 1V
    Capacitance Units = 1.000000pf
    Time Units = 1ns
    Dynamic Power Units = 1mW    (derived from V,C,T units)
    Leakage Power Units = 1nW


  Cell Internal Power  =   1.4825 uW   (99%)
  Net Switching Power  =  10.4350 nW    (1%)
                         ---------
Total Dynamic Power    =   1.4929 uW  (100%)

Cell Leakage Power     =  55.3464 uW


                 Internal         Switching           Leakage            Total
Power Group      Power            Power               Power              Power   (   %    )  Attrs
--------------------------------------------------------------------------------------------------
io_pad             0.0000            0.0000            0.0000            0.0000  (   0.00%)
memory             0.0000            0.0000            0.0000            0.0000  (   0.00%)
black_box          0.0000            0.0000            0.0000            0.0000  (   0.00%)
clock_network      0.0000            0.0000            0.0000            0.0000  (   0.00%)
register       1.4750e-03        6.5077e-06        4.5376e+04        4.6857e-02  (  82.44%)
sequential         0.0000            0.0000            0.0000            0.0000  (   0.00%)
combinational  7.4423e-06        3.9273e-06        9.9705e+03        9.9819e-03  (  17.56%)
--------------------------------------------------------------------------------------------------
Total          1.4825e-03 mW     1.0435e-05 mW     5.5346e+04 nW     5.6839e-02 mW
1
