Information: Propagating switching activity (high effort zero delay simulation). (PWR-6)
Warning: Design has unannotated primary inputs. (PWR-414)
Warning: Design has unannotated sequential cell outputs. (PWR-415)
 
****************************************
Report : power
        -analysis_effort high
Design : bch_decoder_T2_DATA_BITS116_NCHANNEL1
Version: R-2020.09-SP4
Date   : Thu Dec  8 19:05:33 2022
****************************************


Library(s) Used:

    lib_astd (File: /home/nbleier3/Libraries/PragmaticV2_0.db)


Operating Conditions: PVT_3V_25C   Library: lib_astd
Wire Load Model Mode: top


Global Operating Voltage = 3    
Power-specific unit information :
    Voltage Units = 1V
    Capacitance Units = 1.000000pf
    Time Units = 1ns
    Dynamic Power Units = 1mW    (derived from V,C,T units)
    Leakage Power Units = 1nW


  Cell Internal Power  =   2.6517 uW   (99%)
  Net Switching Power  =  18.9769 nW    (1%)
                         ---------
Total Dynamic Power    =   2.6707 uW  (100%)

Cell Leakage Power     =  55.9916 uW


                 Internal         Switching           Leakage            Total
Power Group      Power            Power               Power              Power   (   %    )  Attrs
--------------------------------------------------------------------------------------------------
io_pad             0.0000            0.0000            0.0000            0.0000  (   0.00%)
memory             0.0000            0.0000            0.0000            0.0000  (   0.00%)
black_box          0.0000            0.0000            0.0000            0.0000  (   0.00%)
clock_network      0.0000            0.0000            0.0000            0.0000  (   0.00%)
register       2.6380e-03        1.1508e-05        4.5913e+04        4.8562e-02  (  82.78%)
sequential         0.0000            0.0000            0.0000            0.0000  (   0.00%)
combinational  1.3766e-05        7.4691e-06        1.0079e+04        1.0100e-02  (  17.22%)
--------------------------------------------------------------------------------------------------
Total          2.6517e-03 mW     1.8977e-05 mW     5.5992e+04 nW     5.8662e-02 mW
1
