Information: Propagating switching activity (high effort zero delay simulation). (PWR-6)
Warning: Design has unannotated primary inputs. (PWR-414)
Warning: Design has unannotated sequential cell outputs. (PWR-415)
 
****************************************
Report : power
        -analysis_effort high
Design : bch_decoder_T2_DATA_BITS8_NCHANNEL1
Version: R-2020.09-SP4
Date   : Thu Dec  8 16:52:02 2022
****************************************


Library(s) Used:

    lib_astd (File: /home/nbleier3/Libraries/PragmaticV2_0.db)


Operating Conditions: PVT_3V_25C   Library: lib_astd
Wire Load Model Mode: top


Global Operating Voltage = 3    
Power-specific unit information :
    Voltage Units = 1V
    Capacitance Units = 1.000000pf
    Time Units = 1ns
    Dynamic Power Units = 1mW    (derived from V,C,T units)
    Leakage Power Units = 1nW


  Cell Internal Power  =  43.6442 nW  (100%)
  Net Switching Power  =   9.4022 pW    (0%)
                         ---------
Total Dynamic Power    =  43.6536 nW  (100%)

Cell Leakage Power     =  35.9369 uW


                 Internal         Switching           Leakage            Total
Power Group      Power            Power               Power              Power   (   %    )  Attrs
--------------------------------------------------------------------------------------------------
io_pad             0.0000            0.0000            0.0000            0.0000  (   0.00%)
memory             0.0000            0.0000            0.0000            0.0000  (   0.00%)
black_box          0.0000            0.0000            0.0000            0.0000  (   0.00%)
clock_network      0.0000            0.0000            0.0000            0.0000  (   0.00%)
register       4.3638e-05            0.0000        2.9964e+04        3.0008e-02  (  83.40%)
sequential         0.0000            0.0000            0.0000            0.0000  (   0.00%)
combinational      0.0000            0.0000        5.9729e+03        5.9729e-03  (  16.60%)
--------------------------------------------------------------------------------------------------
Total          4.3644e-05 mW         0.0000 mW     3.5937e+04 nW     3.5981e-02 mW
1
