Information: Propagating switching activity (high effort zero delay simulation). (PWR-6)
Warning: Design has unannotated primary inputs. (PWR-414)
Warning: Design has unannotated sequential cell outputs. (PWR-415)
 
****************************************
Report : power
        -analysis_effort high
Design : bch_decoder_T4_DATA_BITS108_NCHANNEL1
Version: R-2020.09-SP4
Date   : Thu Dec  8 18:56:11 2022
****************************************


Library(s) Used:

    lib_astd (File: /home/nbleier3/Libraries/PragmaticV2_0.db)


Operating Conditions: PVT_3V_25C   Library: lib_astd
Wire Load Model Mode: top


Global Operating Voltage = 3    
Power-specific unit information :
    Voltage Units = 1V
    Capacitance Units = 1.000000pf
    Time Units = 1ns
    Dynamic Power Units = 1mW    (derived from V,C,T units)
    Leakage Power Units = 1nW


  Cell Internal Power  =   2.7889 uW   (99%)
  Net Switching Power  =  17.2040 nW    (1%)
                         ---------
Total Dynamic Power    =   2.8061 uW  (100%)

Cell Leakage Power     =  56.9324 uW


                 Internal         Switching           Leakage            Total
Power Group      Power            Power               Power              Power   (   %    )  Attrs
--------------------------------------------------------------------------------------------------
io_pad             0.0000            0.0000            0.0000            0.0000  (   0.00%)
memory             0.0000            0.0000            0.0000            0.0000  (   0.00%)
black_box          0.0000            0.0000            0.0000            0.0000  (   0.00%)
clock_network      0.0000            0.0000            0.0000            0.0000  (   0.00%)
register       2.7761e-03        9.4809e-06        4.5983e+04        4.8769e-02  (  81.64%)
sequential         0.0000            0.0000            0.0000            0.0000  (   0.00%)
combinational  1.2818e-05        7.7231e-06        1.0949e+04        1.0970e-02  (  18.36%)
--------------------------------------------------------------------------------------------------
Total          2.7889e-03 mW     1.7204e-05 mW     5.6932e+04 nW     5.9739e-02 mW
1
