Information: Propagating switching activity (high effort zero delay simulation). (PWR-6)
Warning: Design has unannotated primary inputs. (PWR-414)
Warning: Design has unannotated sequential cell outputs. (PWR-415)
 
****************************************
Report : power
        -analysis_effort high
Design : bch_decoder_T6_DATA_BITS60_NCHANNEL1
Version: R-2020.09-SP4
Date   : Thu Dec  8 18:00:37 2022
****************************************


Library(s) Used:

    lib_astd (File: /home/nbleier3/Libraries/PragmaticV2_0.db)


Operating Conditions: PVT_3V_25C   Library: lib_astd
Wire Load Model Mode: top


Global Operating Voltage = 3    
Power-specific unit information :
    Voltage Units = 1V
    Capacitance Units = 1.000000pf
    Time Units = 1ns
    Dynamic Power Units = 1mW    (derived from V,C,T units)
    Leakage Power Units = 1nW


  Cell Internal Power  =   1.4142 uW   (99%)
  Net Switching Power  =   7.5252 nW    (1%)
                         ---------
Total Dynamic Power    =   1.4217 uW  (100%)

Cell Leakage Power     =  49.4457 uW


                 Internal         Switching           Leakage            Total
Power Group      Power            Power               Power              Power   (   %    )  Attrs
--------------------------------------------------------------------------------------------------
io_pad             0.0000            0.0000            0.0000            0.0000  (   0.00%)
memory             0.0000            0.0000            0.0000            0.0000  (   0.00%)
black_box          0.0000            0.0000            0.0000            0.0000  (   0.00%)
clock_network      0.0000            0.0000            0.0000            0.0000  (   0.00%)
register       1.4088e-03        5.0204e-06        4.0275e+04        4.1689e-02  (  81.96%)
sequential         0.0000            0.0000            0.0000            0.0000  (   0.00%)
combinational  5.3391e-06        2.5048e-06        9.1710e+03        9.1789e-03  (  18.04%)
--------------------------------------------------------------------------------------------------
Total          1.4142e-03 mW     7.5252e-06 mW     4.9446e+04 nW     5.0867e-02 mW
1
