Information: Propagating switching activity (high effort zero delay simulation). (PWR-6)
Warning: Design has unannotated primary inputs. (PWR-414)
Warning: Design has unannotated sequential cell outputs. (PWR-415)
 
****************************************
Report : power
        -analysis_effort high
Design : bch_decoder_T14_DATA_BITS24_NCHANNEL1
Version: R-2020.09-SP4
Date   : Thu Dec  8 20:40:29 2022
****************************************


Library(s) Used:

    lib_astd (File: /home/nbleier3/Libraries/PragmaticV2_0.db)


Operating Conditions: PVT_3V_25C   Library: lib_astd
Wire Load Model Mode: top


Global Operating Voltage = 3    
Power-specific unit information :
    Voltage Units = 1V
    Capacitance Units = 1.000000pf
    Time Units = 1ns
    Dynamic Power Units = 1mW    (derived from V,C,T units)
    Leakage Power Units = 1nW


  Cell Internal Power  =   3.0550 uW  (100%)
  Net Switching Power  =  15.1981 nW    (0%)
                         ---------
Total Dynamic Power    =   3.0702 uW  (100%)

Cell Leakage Power     =  51.1321 uW


                 Internal         Switching           Leakage            Total
Power Group      Power            Power               Power              Power   (   %    )  Attrs
--------------------------------------------------------------------------------------------------
io_pad             0.0000            0.0000            0.0000            0.0000  (   0.00%)
memory             0.0000            0.0000            0.0000            0.0000  (   0.00%)
black_box          0.0000            0.0000            0.0000            0.0000  (   0.00%)
clock_network      0.0000            0.0000            0.0000            0.0000  (   0.00%)
register       3.0431e-03        1.0070e-05        4.0877e+04        4.3930e-02  (  81.05%)
sequential         0.0000            0.0000            0.0000            0.0000  (   0.00%)
combinational  1.1910e-05        5.1284e-06        1.0255e+04        1.0272e-02  (  18.95%)
--------------------------------------------------------------------------------------------------
Total          3.0550e-03 mW     1.5198e-05 mW     5.1132e+04 nW     5.4202e-02 mW
1
