Information: Propagating switching activity (high effort zero delay simulation). (PWR-6)
Warning: Design has unannotated primary inputs. (PWR-414)
Warning: Design has unannotated sequential cell outputs. (PWR-415)
 
****************************************
Report : power
        -analysis_effort high
Design : bch_decoder_T4_DATA_BITS40_NCHANNEL1
Version: R-2020.09-SP4
Date   : Thu Dec  8 17:32:52 2022
****************************************


Library(s) Used:

    lib_astd (File: /home/nbleier3/Libraries/PragmaticV2_0.db)


Operating Conditions: PVT_3V_25C   Library: lib_astd
Wire Load Model Mode: top


Global Operating Voltage = 3    
Power-specific unit information :
    Voltage Units = 1V
    Capacitance Units = 1.000000pf
    Time Units = 1ns
    Dynamic Power Units = 1mW    (derived from V,C,T units)
    Leakage Power Units = 1nW


  Cell Internal Power  =   1.1289 uW   (99%)
  Net Switching Power  =  12.0613 nW    (1%)
                         ---------
Total Dynamic Power    =   1.1410 uW  (100%)

Cell Leakage Power     =  48.0842 uW


                 Internal         Switching           Leakage            Total
Power Group      Power            Power               Power              Power   (   %    )  Attrs
--------------------------------------------------------------------------------------------------
io_pad             0.0000            0.0000            0.0000            0.0000  (   0.00%)
memory             0.0000            0.0000            0.0000            0.0000  (   0.00%)
black_box          0.0000            0.0000            0.0000            0.0000  (   0.00%)
clock_network      0.0000            0.0000            0.0000            0.0000  (   0.00%)
register       1.1216e-03        8.3098e-06        4.0626e+04        4.1756e-02  (  84.83%)
sequential         0.0000            0.0000            0.0000            0.0000  (   0.00%)
combinational  7.2973e-06        3.7515e-06        7.4585e+03        7.4695e-03  (  15.17%)
--------------------------------------------------------------------------------------------------
Total          1.1289e-03 mW     1.2061e-05 mW     4.8084e+04 nW     4.9225e-02 mW
1
