Information: Propagating switching activity (high effort zero delay simulation). (PWR-6)
Warning: Design has unannotated primary inputs. (PWR-414)
 
****************************************
Report : power
        -analysis_effort high
Design : bch_decoder_T7_DATA_BITS28_NCHANNEL1
Version: R-2020.09-SP4
Date   : Thu Dec  8 17:21:44 2022
****************************************


Library(s) Used:

    lib_astd (File: /home/nbleier3/Libraries/PragmaticV2_0.db)


Operating Conditions: PVT_3V_25C   Library: lib_astd
Wire Load Model Mode: top


Global Operating Voltage = 3    
Power-specific unit information :
    Voltage Units = 1V
    Capacitance Units = 1.000000pf
    Time Units = 1ns
    Dynamic Power Units = 1mW    (derived from V,C,T units)
    Leakage Power Units = 1nW


  Cell Internal Power  =   2.9229 uW  (100%)
  Net Switching Power  =  14.4716 nW    (0%)
                         ---------
Total Dynamic Power    =   2.9373 uW  (100%)

Cell Leakage Power     =  50.5838 uW


                 Internal         Switching           Leakage            Total
Power Group      Power            Power               Power              Power   (   %    )  Attrs
--------------------------------------------------------------------------------------------------
io_pad             0.0000            0.0000            0.0000            0.0000  (   0.00%)
memory             0.0000            0.0000            0.0000            0.0000  (   0.00%)
black_box          0.0000            0.0000            0.0000            0.0000  (   0.00%)
clock_network      0.0000            0.0000            0.0000            0.0000  (   0.00%)
register       2.9099e-03        9.4531e-06        4.0853e+04        4.3773e-02  (  81.79%)
sequential         0.0000            0.0000            0.0000            0.0000  (   0.00%)
combinational  1.2983e-05        5.0185e-06        9.7305e+03        9.7485e-03  (  18.21%)
--------------------------------------------------------------------------------------------------
Total          2.9229e-03 mW     1.4472e-05 mW     5.0584e+04 nW     5.3521e-02 mW
1
