Information: Propagating switching activity (high effort zero delay simulation). (PWR-6)
Warning: Design has unannotated primary inputs. (PWR-414)
Warning: Design has unannotated sequential cell outputs. (PWR-415)
 
****************************************
Report : power
        -analysis_effort high
Design : bch_decoder_T2_DATA_BITS96_NCHANNEL1
Version: R-2020.09-SP4
Date   : Thu Dec  8 18:39:25 2022
****************************************


Library(s) Used:

    lib_astd (File: /home/nbleier3/Libraries/PragmaticV2_0.db)


Operating Conditions: PVT_3V_25C   Library: lib_astd
Wire Load Model Mode: top


Global Operating Voltage = 3    
Power-specific unit information :
    Voltage Units = 1V
    Capacitance Units = 1.000000pf
    Time Units = 1ns
    Dynamic Power Units = 1mW    (derived from V,C,T units)
    Leakage Power Units = 1nW


  Cell Internal Power  =   2.7655 uW  (100%)
  Net Switching Power  =  13.2321 nW    (0%)
                         ---------
Total Dynamic Power    =   2.7787 uW  (100%)

Cell Leakage Power     =  50.1513 uW


                 Internal         Switching           Leakage            Total
Power Group      Power            Power               Power              Power   (   %    )  Attrs
--------------------------------------------------------------------------------------------------
io_pad             0.0000            0.0000            0.0000            0.0000  (   0.00%)
memory             0.0000            0.0000            0.0000            0.0000  (   0.00%)
black_box          0.0000            0.0000            0.0000            0.0000  (   0.00%)
clock_network      0.0000            0.0000            0.0000            0.0000  (   0.00%)
register       2.7554e-03        7.9792e-06        4.0917e+04        4.3681e-02  (  82.53%)
sequential         0.0000            0.0000            0.0000            0.0000  (   0.00%)
combinational  1.0066e-05        5.2529e-06        9.2338e+03        9.2492e-03  (  17.47%)
--------------------------------------------------------------------------------------------------
Total          2.7655e-03 mW     1.3232e-05 mW     5.0151e+04 nW     5.2930e-02 mW
1
