Information: Propagating switching activity (high effort zero delay simulation). (PWR-6)
Warning: Design has unannotated primary inputs. (PWR-414)
Warning: Design has unannotated sequential cell outputs. (PWR-415)
 
****************************************
Report : power
        -analysis_effort high
Design : bch_decoder_T3_DATA_BITS100_NCHANNEL1
Version: R-2020.09-SP4
Date   : Thu Dec  8 18:44:58 2022
****************************************


Library(s) Used:

    lib_astd (File: /home/nbleier3/Libraries/PragmaticV2_0.db)


Operating Conditions: PVT_3V_25C   Library: lib_astd
Wire Load Model Mode: top


Global Operating Voltage = 3    
Power-specific unit information :
    Voltage Units = 1V
    Capacitance Units = 1.000000pf
    Time Units = 1ns
    Dynamic Power Units = 1mW    (derived from V,C,T units)
    Leakage Power Units = 1nW


  Cell Internal Power  =   1.4739 uW   (99%)
  Net Switching Power  =   7.8281 nW    (1%)
                         ---------
Total Dynamic Power    =   1.4817 uW  (100%)

Cell Leakage Power     =  48.5247 uW


                 Internal         Switching           Leakage            Total
Power Group      Power            Power               Power              Power   (   %    )  Attrs
--------------------------------------------------------------------------------------------------
io_pad             0.0000            0.0000            0.0000            0.0000  (   0.00%)
memory             0.0000            0.0000            0.0000            0.0000  (   0.00%)
black_box          0.0000            0.0000            0.0000            0.0000  (   0.00%)
clock_network      0.0000            0.0000            0.0000            0.0000  (   0.00%)
register       1.4681e-03        5.1260e-06        4.0302e+04        4.1776e-02  (  83.54%)
sequential         0.0000            0.0000            0.0000            0.0000  (   0.00%)
combinational  5.7967e-06        2.7020e-06        8.2224e+03        8.2309e-03  (  16.46%)
--------------------------------------------------------------------------------------------------
Total          1.4739e-03 mW     7.8280e-06 mW     4.8525e+04 nW     5.0006e-02 mW
1
