Information: Propagating switching activity (high effort zero delay simulation). (PWR-6)
Warning: Design has unannotated primary inputs. (PWR-414)
Warning: Design has unannotated sequential cell outputs. (PWR-415)
 
****************************************
Report : power
        -analysis_effort high
Design : bch_decoder_T15_DATA_BITS28_NCHANNEL1
Version: R-2020.09-SP4
Date   : Thu Dec  8 21:03:15 2022
****************************************


Library(s) Used:

    lib_astd (File: /home/nbleier3/Libraries/PragmaticV2_0.db)


Operating Conditions: PVT_3V_25C   Library: lib_astd
Wire Load Model Mode: top


Global Operating Voltage = 3    
Power-specific unit information :
    Voltage Units = 1V
    Capacitance Units = 1.000000pf
    Time Units = 1ns
    Dynamic Power Units = 1mW    (derived from V,C,T units)
    Leakage Power Units = 1nW


  Cell Internal Power  =   1.4475 uW   (99%)
  Net Switching Power  =   7.7763 nW    (1%)
                         ---------
Total Dynamic Power    =   1.4552 uW  (100%)

Cell Leakage Power     =  49.4596 uW


                 Internal         Switching           Leakage            Total
Power Group      Power            Power               Power              Power   (   %    )  Attrs
--------------------------------------------------------------------------------------------------
io_pad             0.0000            0.0000            0.0000            0.0000  (   0.00%)
memory             0.0000            0.0000            0.0000            0.0000  (   0.00%)
black_box          0.0000            0.0000            0.0000            0.0000  (   0.00%)
clock_network      0.0000            0.0000            0.0000            0.0000  (   0.00%)
register       1.4419e-03        5.1955e-06        4.0283e+04        4.1730e-02  (  81.96%)
sequential         0.0000            0.0000            0.0000            0.0000  (   0.00%)
combinational  5.5369e-06        2.5809e-06        9.1769e+03        9.1851e-03  (  18.04%)
--------------------------------------------------------------------------------------------------
Total          1.4475e-03 mW     7.7763e-06 mW     4.9460e+04 nW     5.0915e-02 mW
1
