Information: Propagating switching activity (high effort zero delay simulation). (PWR-6)
Warning: Design has unannotated primary inputs. (PWR-414)
 
****************************************
Report : power
        -analysis_effort high
Design : bch_decoder_T9_DATA_BITS92_NCHANNEL1
Version: R-2020.09-SP4
Date   : Fri Dec  9 02:09:27 2022
****************************************


Library(s) Used:

    lib_astd (File: /home/nbleier3/Libraries/PragmaticV2_0.db)


Operating Conditions: PVT_3V_25C   Library: lib_astd
Wire Load Model Mode: top


Global Operating Voltage = 3    
Power-specific unit information :
    Voltage Units = 1V
    Capacitance Units = 1.000000pf
    Time Units = 1ns
    Dynamic Power Units = 1mW    (derived from V,C,T units)
    Leakage Power Units = 1nW


  Cell Internal Power  =   1.7370 uW   (99%)
  Net Switching Power  =  22.0175 nW    (1%)
                         ---------
Total Dynamic Power    =   1.7591 uW  (100%)

Cell Leakage Power     =  57.3639 uW


                 Internal         Switching           Leakage            Total
Power Group      Power            Power               Power              Power   (   %    )  Attrs
--------------------------------------------------------------------------------------------------
io_pad             0.0000            0.0000            0.0000            0.0000  (   0.00%)
memory             0.0000            0.0000            0.0000            0.0000  (   0.00%)
black_box          0.0000            0.0000            0.0000            0.0000  (   0.00%)
clock_network      0.0000            0.0000            0.0000            0.0000  (   0.00%)
register       1.7196e-03        1.2233e-05        4.5925e+04        4.7656e-02  (  80.61%)
sequential         0.0000            0.0000            0.0000            0.0000  (   0.00%)
combinational  1.7469e-05        9.7841e-06        1.1439e+04        1.1467e-02  (  19.39%)
--------------------------------------------------------------------------------------------------
Total          1.7370e-03 mW     2.2017e-05 mW     5.7364e+04 nW     5.9123e-02 mW
1
