Information: Propagating switching activity (high effort zero delay simulation). (PWR-6)
Warning: Design has unannotated primary inputs. (PWR-414)
Warning: Design has unannotated sequential cell outputs. (PWR-415)
 
****************************************
Report : power
        -analysis_effort high
Design : bch_decoder_T3_DATA_BITS52_NCHANNEL1
Version: R-2020.09-SP4
Date   : Thu Dec  8 17:47:33 2022
****************************************


Library(s) Used:

    lib_astd (File: /home/nbleier3/Libraries/PragmaticV2_0.db)


Operating Conditions: PVT_3V_25C   Library: lib_astd
Wire Load Model Mode: top


Global Operating Voltage = 3    
Power-specific unit information :
    Voltage Units = 1V
    Capacitance Units = 1.000000pf
    Time Units = 1ns
    Dynamic Power Units = 1mW    (derived from V,C,T units)
    Leakage Power Units = 1nW


  Cell Internal Power  =   2.4795 uW   (99%)
  Net Switching Power  =  13.9839 nW    (1%)
                         ---------
Total Dynamic Power    =   2.4935 uW  (100%)

Cell Leakage Power     =  50.1159 uW


                 Internal         Switching           Leakage            Total
Power Group      Power            Power               Power              Power   (   %    )  Attrs
--------------------------------------------------------------------------------------------------
io_pad             0.0000            0.0000            0.0000            0.0000  (   0.00%)
memory             0.0000            0.0000            0.0000            0.0000  (   0.00%)
black_box          0.0000            0.0000            0.0000            0.0000  (   0.00%)
clock_network      0.0000            0.0000            0.0000            0.0000  (   0.00%)
register       2.4702e-03        9.1968e-06        4.0791e+04        4.3271e-02  (  82.25%)
sequential         0.0000            0.0000            0.0000            0.0000  (   0.00%)
combinational  9.2495e-06        4.7871e-06        9.3246e+03        9.3387e-03  (  17.75%)
--------------------------------------------------------------------------------------------------
Total          2.4795e-03 mW     1.3984e-05 mW     5.0116e+04 nW     5.2609e-02 mW
1
