Information: Propagating switching activity (high effort zero delay simulation). (PWR-6)
Warning: Design has unannotated primary inputs. (PWR-414)
Warning: Design has unannotated sequential cell outputs. (PWR-415)
 
****************************************
Report : power
        -analysis_effort high
Design : bch_decoder_T13_DATA_BITS36_NCHANNEL1
Version: R-2020.09-SP4
Date   : Thu Dec  8 21:35:42 2022
****************************************


Library(s) Used:

    lib_astd (File: /home/nbleier3/Libraries/PragmaticV2_0.db)


Operating Conditions: PVT_3V_25C   Library: lib_astd
Wire Load Model Mode: top


Global Operating Voltage = 3    
Power-specific unit information :
    Voltage Units = 1V
    Capacitance Units = 1.000000pf
    Time Units = 1ns
    Dynamic Power Units = 1mW    (derived from V,C,T units)
    Leakage Power Units = 1nW


  Cell Internal Power  =   1.2762 uW   (99%)
  Net Switching Power  =  13.9153 nW    (1%)
                         ---------
Total Dynamic Power    =   1.2901 uW  (100%)

Cell Leakage Power     =  50.2393 uW


                 Internal         Switching           Leakage            Total
Power Group      Power            Power               Power              Power   (   %    )  Attrs
--------------------------------------------------------------------------------------------------
io_pad             0.0000            0.0000            0.0000            0.0000  (   0.00%)
memory             0.0000            0.0000            0.0000            0.0000  (   0.00%)
black_box          0.0000            0.0000            0.0000            0.0000  (   0.00%)
clock_network      0.0000            0.0000            0.0000            0.0000  (   0.00%)
register       1.2657e-03        8.5558e-06        4.0886e+04        4.2160e-02  (  81.82%)
sequential         0.0000            0.0000            0.0000            0.0000  (   0.00%)
combinational  1.0497e-05        5.3595e-06        9.3531e+03        9.3689e-03  (  18.18%)
--------------------------------------------------------------------------------------------------
Total          1.2762e-03 mW     1.3915e-05 mW     5.0239e+04 nW     5.1529e-02 mW
1
