Information: Propagating switching activity (high effort zero delay simulation). (PWR-6)
Warning: Design has unannotated primary inputs. (PWR-414)
Warning: Design has unannotated sequential cell outputs. (PWR-415)
 
****************************************
Report : power
        -analysis_effort high
Design : bch_decoder_T15_DATA_BITS32_NCHANNEL1
Version: R-2020.09-SP4
Date   : Thu Dec  8 21:22:40 2022
****************************************


Library(s) Used:

    lib_astd (File: /home/nbleier3/Libraries/PragmaticV2_0.db)


Operating Conditions: PVT_3V_25C   Library: lib_astd
Wire Load Model Mode: top


Global Operating Voltage = 3    
Power-specific unit information :
    Voltage Units = 1V
    Capacitance Units = 1.000000pf
    Time Units = 1ns
    Dynamic Power Units = 1mW    (derived from V,C,T units)
    Leakage Power Units = 1nW


  Cell Internal Power  =   1.2775 uW   (99%)
  Net Switching Power  =  16.5439 nW    (1%)
                         ---------
Total Dynamic Power    =   1.2941 uW  (100%)

Cell Leakage Power     =  49.4441 uW


                 Internal         Switching           Leakage            Total
Power Group      Power            Power               Power              Power   (   %    )  Attrs
--------------------------------------------------------------------------------------------------
io_pad             0.0000            0.0000            0.0000            0.0000  (   0.00%)
memory             0.0000            0.0000            0.0000            0.0000  (   0.00%)
black_box          0.0000            0.0000            0.0000            0.0000  (   0.00%)
clock_network      0.0000            0.0000            0.0000            0.0000  (   0.00%)
register       1.2650e-03        1.0830e-05        4.0987e+04        4.2263e-02  (  83.30%)
sequential         0.0000            0.0000            0.0000            0.0000  (   0.00%)
combinational  1.2512e-05        5.7143e-06        8.4570e+03        8.4753e-03  (  16.70%)
--------------------------------------------------------------------------------------------------
Total          1.2775e-03 mW     1.6544e-05 mW     4.9444e+04 nW     5.0738e-02 mW
1
