Information: Propagating switching activity (high effort zero delay simulation). (PWR-6)
Warning: Design has unannotated primary inputs. (PWR-414)
Warning: Design has unannotated sequential cell outputs. (PWR-415)
 
****************************************
Report : power
        -analysis_effort high
Design : bch_decoder_T15_DATA_BITS120_NCHANNEL1
Version: R-2020.09-SP4
Date   : Fri Dec  9 04:45:14 2022
****************************************


Library(s) Used:

    lib_astd (File: /home/nbleier3/Libraries/PragmaticV2_0.db)


Operating Conditions: PVT_3V_25C   Library: lib_astd
Wire Load Model Mode: top


Global Operating Voltage = 3    
Power-specific unit information :
    Voltage Units = 1V
    Capacitance Units = 1.000000pf
    Time Units = 1ns
    Dynamic Power Units = 1mW    (derived from V,C,T units)
    Leakage Power Units = 1nW


  Cell Internal Power  =   1.4749 uW   (99%)
  Net Switching Power  =   9.5862 nW    (1%)
                         ---------
Total Dynamic Power    =   1.4844 uW  (100%)

Cell Leakage Power     =  55.2789 uW


                 Internal         Switching           Leakage            Total
Power Group      Power            Power               Power              Power   (   %    )  Attrs
--------------------------------------------------------------------------------------------------
io_pad             0.0000            0.0000            0.0000            0.0000  (   0.00%)
memory             0.0000            0.0000            0.0000            0.0000  (   0.00%)
black_box          0.0000            0.0000            0.0000            0.0000  (   0.00%)
clock_network      0.0000            0.0000            0.0000            0.0000  (   0.00%)
register       1.4678e-03        5.4912e-06        4.5333e+04        4.6807e-02  (  82.46%)
sequential         0.0000            0.0000            0.0000            0.0000  (   0.00%)
combinational  7.0742e-06        4.0950e-06        9.9456e+03        9.9567e-03  (  17.54%)
--------------------------------------------------------------------------------------------------
Total          1.4749e-03 mW     9.5862e-06 mW     5.5279e+04 nW     5.6763e-02 mW
1
