Information: Propagating switching activity (high effort zero delay simulation). (PWR-6)
Warning: Design has unannotated primary inputs. (PWR-414)
Warning: Design has unannotated sequential cell outputs. (PWR-415)
 
****************************************
Report : power
        -analysis_effort high
Design : bch_decoder_T12_DATA_BITS128_NCHANNEL1
Version: R-2020.09-SP4
Date   : Fri Dec  9 05:14:13 2022
****************************************


Library(s) Used:

    lib_astd (File: /home/nbleier3/Libraries/PragmaticV2_0.db)


Operating Conditions: PVT_3V_25C   Library: lib_astd
Wire Load Model Mode: top


Global Operating Voltage = 3    
Power-specific unit information :
    Voltage Units = 1V
    Capacitance Units = 1.000000pf
    Time Units = 1ns
    Dynamic Power Units = 1mW    (derived from V,C,T units)
    Leakage Power Units = 1nW


  Cell Internal Power  =   1.4705 uW   (99%)
  Net Switching Power  =   8.7643 nW    (1%)
                         ---------
Total Dynamic Power    =   1.4793 uW  (100%)

Cell Leakage Power     =  56.2284 uW


                 Internal         Switching           Leakage            Total
Power Group      Power            Power               Power              Power   (   %    )  Attrs
--------------------------------------------------------------------------------------------------
io_pad             0.0000            0.0000            0.0000            0.0000  (   0.00%)
memory             0.0000            0.0000            0.0000            0.0000  (   0.00%)
black_box          0.0000            0.0000            0.0000            0.0000  (   0.00%)
clock_network      0.0000            0.0000            0.0000            0.0000  (   0.00%)
register       1.4638e-03        4.4191e-06        4.5364e+04        4.6832e-02  (  81.15%)
sequential         0.0000            0.0000            0.0000            0.0000  (   0.00%)
combinational  6.7759e-06        4.3452e-06        1.0864e+04        1.0875e-02  (  18.85%)
--------------------------------------------------------------------------------------------------
Total          1.4705e-03 mW     8.7643e-06 mW     5.6228e+04 nW     5.7708e-02 mW
1
