Information: Propagating switching activity (high effort zero delay simulation). (PWR-6)
Warning: Design has unannotated primary inputs. (PWR-414)
Warning: Design has unannotated sequential cell outputs. (PWR-415)
 
****************************************
Report : power
        -analysis_effort high
Design : bch_decoder_T11_DATA_BITS24_NCHANNEL1
Version: R-2020.09-SP4
Date   : Thu Dec  8 20:32:02 2022
****************************************


Library(s) Used:

    lib_astd (File: /home/nbleier3/Libraries/PragmaticV2_0.db)


Operating Conditions: PVT_3V_25C   Library: lib_astd
Wire Load Model Mode: top


Global Operating Voltage = 3    
Power-specific unit information :
    Voltage Units = 1V
    Capacitance Units = 1.000000pf
    Time Units = 1ns
    Dynamic Power Units = 1mW    (derived from V,C,T units)
    Leakage Power Units = 1nW


  Cell Internal Power  =   3.7090 uW  (100%)
  Net Switching Power  =  11.6421 nW    (0%)
                         ---------
Total Dynamic Power    =   3.7206 uW  (100%)

Cell Leakage Power     =  49.6195 uW


                 Internal         Switching           Leakage            Total
Power Group      Power            Power               Power              Power   (   %    )  Attrs
--------------------------------------------------------------------------------------------------
io_pad             0.0000            0.0000            0.0000            0.0000  (   0.00%)
memory             0.0000            0.0000            0.0000            0.0000  (   0.00%)
black_box          0.0000            0.0000            0.0000            0.0000  (   0.00%)
clock_network      0.0000            0.0000            0.0000            0.0000  (   0.00%)
register       3.7012e-03        6.9386e-06        4.0842e+04        4.4550e-02  (  83.52%)
sequential         0.0000            0.0000            0.0000            0.0000  (   0.00%)
combinational  7.7876e-06        4.7035e-06        8.7776e+03        8.7901e-03  (  16.48%)
--------------------------------------------------------------------------------------------------
Total          3.7090e-03 mW     1.1642e-05 mW     4.9619e+04 nW     5.3340e-02 mW
1
