Information: Propagating switching activity (high effort zero delay simulation). (PWR-6)
Warning: Design has unannotated primary inputs. (PWR-414)
Warning: Design has unannotated sequential cell outputs. (PWR-415)
 
****************************************
Report : power
        -analysis_effort high
Design : bch_decoder_T2_DATA_BITS4_NCHANNEL1
Version: R-2020.09-SP4
Date   : Thu Dec  8 16:51:04 2022
****************************************


Library(s) Used:

    lib_astd (File: /home/nbleier3/Libraries/PragmaticV2_0.db)


Operating Conditions: PVT_3V_25C   Library: lib_astd
Wire Load Model Mode: top


Global Operating Voltage = 3    
Power-specific unit information :
    Voltage Units = 1V
    Capacitance Units = 1.000000pf
    Time Units = 1ns
    Dynamic Power Units = 1mW    (derived from V,C,T units)
    Leakage Power Units = 1nW


  Cell Internal Power  =  35.7089 nW   (79%)
  Net Switching Power  =   9.4732 nW   (21%)
                         ---------
Total Dynamic Power    =  45.1822 nW  (100%)

Cell Leakage Power     =  30.7240 uW


                 Internal         Switching           Leakage            Total
Power Group      Power            Power               Power              Power   (   %    )  Attrs
--------------------------------------------------------------------------------------------------
io_pad             0.0000            0.0000            0.0000            0.0000  (   0.00%)
memory             0.0000            0.0000            0.0000            0.0000  (   0.00%)
black_box          0.0000            0.0000            0.0000            0.0000  (   0.00%)
clock_network      0.0000            0.0000            0.0000            0.0000  (   0.00%)
register       2.9965e-05        6.8426e-06        2.5824e+04        2.5861e-02  (  84.05%)
sequential         0.0000            0.0000            0.0000            0.0000  (   0.00%)
combinational  5.7437e-06        2.6306e-06        4.8996e+03        4.9080e-03  (  15.95%)
--------------------------------------------------------------------------------------------------
Total          3.5709e-05 mW     9.4732e-06 mW     3.0724e+04 nW     3.0769e-02 mW
1
