Information: Propagating switching activity (high effort zero delay simulation). (PWR-6)
Warning: Design has unannotated primary inputs. (PWR-414)
 
****************************************
Report : power
        -analysis_effort high
Design : bch_decoder_T10_DATA_BITS24_NCHANNEL1
Version: R-2020.09-SP4
Date   : Thu Dec  8 20:29:49 2022
****************************************


Library(s) Used:

    lib_astd (File: /home/nbleier3/Libraries/PragmaticV2_0.db)


Operating Conditions: PVT_3V_25C   Library: lib_astd
Wire Load Model Mode: top


Global Operating Voltage = 3    
Power-specific unit information :
    Voltage Units = 1V
    Capacitance Units = 1.000000pf
    Time Units = 1ns
    Dynamic Power Units = 1mW    (derived from V,C,T units)
    Leakage Power Units = 1nW


  Cell Internal Power  =   1.6236 uW   (99%)
  Net Switching Power  =  15.2822 nW    (1%)
                         ---------
Total Dynamic Power    =   1.6389 uW  (100%)

Cell Leakage Power     =  51.6538 uW


                 Internal         Switching           Leakage            Total
Power Group      Power            Power               Power              Power   (   %    )  Attrs
--------------------------------------------------------------------------------------------------
io_pad             0.0000            0.0000            0.0000            0.0000  (   0.00%)
memory             0.0000            0.0000            0.0000            0.0000  (   0.00%)
black_box          0.0000            0.0000            0.0000            0.0000  (   0.00%)
clock_network      0.0000            0.0000            0.0000            0.0000  (   0.00%)
register       1.6097e-03        9.2873e-06        4.0859e+04        4.2478e-02  (  79.71%)
sequential         0.0000            0.0000            0.0000            0.0000  (   0.00%)
combinational  1.3936e-05        5.9950e-06        1.0795e+04        1.0815e-02  (  20.29%)
--------------------------------------------------------------------------------------------------
Total          1.6236e-03 mW     1.5282e-05 mW     5.1654e+04 nW     5.3293e-02 mW
1
