Information: Propagating switching activity (high effort zero delay simulation). (PWR-6)
Warning: Design has unannotated primary inputs. (PWR-414)
Warning: Design has unannotated sequential cell outputs. (PWR-415)
 
****************************************
Report : power
        -analysis_effort high
Design : bch_decoder_T6_DATA_BITS32_NCHANNEL1
Version: R-2020.09-SP4
Date   : Thu Dec  8 17:25:11 2022
****************************************


Library(s) Used:

    lib_astd (File: /home/nbleier3/Libraries/PragmaticV2_0.db)


Operating Conditions: PVT_3V_25C   Library: lib_astd
Wire Load Model Mode: top


Global Operating Voltage = 3    
Power-specific unit information :
    Voltage Units = 1V
    Capacitance Units = 1.000000pf
    Time Units = 1ns
    Dynamic Power Units = 1mW    (derived from V,C,T units)
    Leakage Power Units = 1nW


  Cell Internal Power  =   4.0414 uW  (100%)
  Net Switching Power  =  13.6942 nW    (0%)
                         ---------
Total Dynamic Power    =   4.0551 uW  (100%)

Cell Leakage Power     =  49.7726 uW


                 Internal         Switching           Leakage            Total
Power Group      Power            Power               Power              Power   (   %    )  Attrs
--------------------------------------------------------------------------------------------------
io_pad             0.0000            0.0000            0.0000            0.0000  (   0.00%)
memory             0.0000            0.0000            0.0000            0.0000  (   0.00%)
black_box          0.0000            0.0000            0.0000            0.0000  (   0.00%)
clock_network      0.0000            0.0000            0.0000            0.0000  (   0.00%)
register       4.0309e-03        8.9641e-06        4.0749e+04        4.4788e-02  (  83.21%)
sequential         0.0000            0.0000            0.0000            0.0000  (   0.00%)
combinational  1.0487e-05        4.7301e-06        9.0240e+03        9.0393e-03  (  16.79%)
--------------------------------------------------------------------------------------------------
Total          4.0414e-03 mW     1.3694e-05 mW     4.9773e+04 nW     5.3828e-02 mW
1
