Information: Propagating switching activity (high effort zero delay simulation). (PWR-6)
Warning: Design has unannotated primary inputs. (PWR-414)
 
****************************************
Report : power
        -analysis_effort high
Design : bch_decoder_T14_DATA_BITS52_NCHANNEL1
Version: R-2020.09-SP4
Date   : Thu Dec  8 23:00:45 2022
****************************************


Library(s) Used:

    lib_astd (File: /home/nbleier3/Libraries/PragmaticV2_0.db)


Operating Conditions: PVT_3V_25C   Library: lib_astd
Wire Load Model Mode: top


Global Operating Voltage = 3    
Power-specific unit information :
    Voltage Units = 1V
    Capacitance Units = 1.000000pf
    Time Units = 1ns
    Dynamic Power Units = 1mW    (derived from V,C,T units)
    Leakage Power Units = 1nW


  Cell Internal Power  =   1.7376 uW   (99%)
  Net Switching Power  =  22.5674 nW    (1%)
                         ---------
Total Dynamic Power    =   1.7602 uW  (100%)

Cell Leakage Power     =  58.4413 uW


                 Internal         Switching           Leakage            Total
Power Group      Power            Power               Power              Power   (   %    )  Attrs
--------------------------------------------------------------------------------------------------
io_pad             0.0000            0.0000            0.0000            0.0000  (   0.00%)
memory             0.0000            0.0000            0.0000            0.0000  (   0.00%)
black_box          0.0000            0.0000            0.0000            0.0000  (   0.00%)
clock_network      0.0000            0.0000            0.0000            0.0000  (   0.00%)
register       1.7189e-03        1.4148e-05        4.5930e+04        4.7663e-02  (  79.17%)
sequential         0.0000            0.0000            0.0000            0.0000  (   0.00%)
combinational  1.8762e-05        8.4196e-06        1.2511e+04        1.2538e-02  (  20.83%)
--------------------------------------------------------------------------------------------------
Total          1.7376e-03 mW     2.2567e-05 mW     5.8441e+04 nW     6.0201e-02 mW
1
