Information: Propagating switching activity (high effort zero delay simulation). (PWR-6)
Warning: Design has unannotated primary inputs. (PWR-414)
Warning: Design has unannotated sequential cell outputs. (PWR-415)
 
****************************************
Report : power
        -analysis_effort high
Design : bch_decoder_T5_DATA_BITS96_NCHANNEL1
Version: R-2020.09-SP4
Date   : Thu Dec  8 18:41:33 2022
****************************************


Library(s) Used:

    lib_astd (File: /home/nbleier3/Libraries/PragmaticV2_0.db)


Operating Conditions: PVT_3V_25C   Library: lib_astd
Wire Load Model Mode: top


Global Operating Voltage = 3    
Power-specific unit information :
    Voltage Units = 1V
    Capacitance Units = 1.000000pf
    Time Units = 1ns
    Dynamic Power Units = 1mW    (derived from V,C,T units)
    Leakage Power Units = 1nW


  Cell Internal Power  =   1.3702 uW   (99%)
  Net Switching Power  =   9.1709 nW    (1%)
                         ---------
Total Dynamic Power    =   1.3794 uW  (100%)

Cell Leakage Power     =  55.2580 uW


                 Internal         Switching           Leakage            Total
Power Group      Power            Power               Power              Power   (   %    )  Attrs
--------------------------------------------------------------------------------------------------
io_pad             0.0000            0.0000            0.0000            0.0000  (   0.00%)
memory             0.0000            0.0000            0.0000            0.0000  (   0.00%)
black_box          0.0000            0.0000            0.0000            0.0000  (   0.00%)
clock_network      0.0000            0.0000            0.0000            0.0000  (   0.00%)
register       1.3636e-03        5.2618e-06        4.5279e+04        4.6647e-02  (  82.36%)
sequential         0.0000            0.0000            0.0000            0.0000  (   0.00%)
combinational  6.6365e-06        3.9092e-06        9.9793e+03        9.9899e-03  (  17.64%)
--------------------------------------------------------------------------------------------------
Total          1.3702e-03 mW     9.1709e-06 mW     5.5258e+04 nW     5.6637e-02 mW
1
