Information: Propagating switching activity (high effort zero delay simulation). (PWR-6)
Warning: Design has unannotated primary inputs. (PWR-414)
Warning: Design has unannotated sequential cell outputs. (PWR-415)
 
****************************************
Report : power
        -analysis_effort high
Design : bch_decoder_T12_DATA_BITS112_NCHANNEL1
Version: R-2020.09-SP4
Date   : Fri Dec  9 03:55:56 2022
****************************************


Library(s) Used:

    lib_astd (File: /home/nbleier3/Libraries/PragmaticV2_0.db)


Operating Conditions: PVT_3V_25C   Library: lib_astd
Wire Load Model Mode: top


Global Operating Voltage = 3    
Power-specific unit information :
    Voltage Units = 1V
    Capacitance Units = 1.000000pf
    Time Units = 1ns
    Dynamic Power Units = 1mW    (derived from V,C,T units)
    Leakage Power Units = 1nW


  Cell Internal Power  =   1.4696 uW   (99%)
  Net Switching Power  =   9.9037 nW    (1%)
                         ---------
Total Dynamic Power    =   1.4795 uW  (100%)

Cell Leakage Power     =  54.7369 uW


                 Internal         Switching           Leakage            Total
Power Group      Power            Power               Power              Power   (   %    )  Attrs
--------------------------------------------------------------------------------------------------
io_pad             0.0000            0.0000            0.0000            0.0000  (   0.00%)
memory             0.0000            0.0000            0.0000            0.0000  (   0.00%)
black_box          0.0000            0.0000            0.0000            0.0000  (   0.00%)
clock_network      0.0000            0.0000            0.0000            0.0000  (   0.00%)
register       1.4625e-03        5.7551e-06        4.5363e+04        4.6831e-02  (  83.30%)
sequential         0.0000            0.0000            0.0000            0.0000  (   0.00%)
combinational  7.1295e-06        4.1486e-06        9.3741e+03        9.3853e-03  (  16.70%)
--------------------------------------------------------------------------------------------------
Total          1.4696e-03 mW     9.9037e-06 mW     5.4737e+04 nW     5.6216e-02 mW
1
