Information: Propagating switching activity (high effort zero delay simulation). (PWR-6)
Warning: Design has unannotated primary inputs. (PWR-414)
 
****************************************
Report : power
        -analysis_effort high
Design : bch_decoder_T14_DATA_BITS64_NCHANNEL1
Version: R-2020.09-SP4
Date   : Fri Dec  9 00:03:25 2022
****************************************


Library(s) Used:

    lib_astd (File: /home/nbleier3/Libraries/PragmaticV2_0.db)


Operating Conditions: PVT_3V_25C   Library: lib_astd
Wire Load Model Mode: top


Global Operating Voltage = 3    
Power-specific unit information :
    Voltage Units = 1V
    Capacitance Units = 1.000000pf
    Time Units = 1ns
    Dynamic Power Units = 1mW    (derived from V,C,T units)
    Leakage Power Units = 1nW


  Cell Internal Power  =   1.7398 uW   (99%)
  Net Switching Power  =  23.3483 nW    (1%)
                         ---------
Total Dynamic Power    =   1.7632 uW  (100%)

Cell Leakage Power     =  57.6164 uW


                 Internal         Switching           Leakage            Total
Power Group      Power            Power               Power              Power   (   %    )  Attrs
--------------------------------------------------------------------------------------------------
io_pad             0.0000            0.0000            0.0000            0.0000  (   0.00%)
memory             0.0000            0.0000            0.0000            0.0000  (   0.00%)
black_box          0.0000            0.0000            0.0000            0.0000  (   0.00%)
clock_network      0.0000            0.0000            0.0000            0.0000  (   0.00%)
register       1.7208e-03        1.3929e-05        4.5989e+04        4.7723e-02  (  80.37%)
sequential         0.0000            0.0000            0.0000            0.0000  (   0.00%)
combinational  1.9043e-05        9.4195e-06        1.1628e+04        1.1656e-02  (  19.63%)
--------------------------------------------------------------------------------------------------
Total          1.7398e-03 mW     2.3348e-05 mW     5.7616e+04 nW     5.9380e-02 mW
1
