Information: Propagating switching activity (high effort zero delay simulation). (PWR-6)
Warning: Design has unannotated primary inputs. (PWR-414)
 
****************************************
Report : power
        -analysis_effort high
Design : bch_decoder_T6_DATA_BITS44_NCHANNEL1
Version: R-2020.09-SP4
Date   : Thu Dec  8 17:39:54 2022
****************************************


Library(s) Used:

    lib_astd (File: /home/nbleier3/Libraries/PragmaticV2_0.db)


Operating Conditions: PVT_3V_25C   Library: lib_astd
Wire Load Model Mode: top


Global Operating Voltage = 3    
Power-specific unit information :
    Voltage Units = 1V
    Capacitance Units = 1.000000pf
    Time Units = 1ns
    Dynamic Power Units = 1mW    (derived from V,C,T units)
    Leakage Power Units = 1nW


  Cell Internal Power  =   1.6413 uW   (99%)
  Net Switching Power  =  17.7992 nW    (1%)
                         ---------
Total Dynamic Power    =   1.6591 uW  (100%)

Cell Leakage Power     =  51.7341 uW


                 Internal         Switching           Leakage            Total
Power Group      Power            Power               Power              Power   (   %    )  Attrs
--------------------------------------------------------------------------------------------------
io_pad             0.0000            0.0000            0.0000            0.0000  (   0.00%)
memory             0.0000            0.0000            0.0000            0.0000  (   0.00%)
black_box          0.0000            0.0000            0.0000            0.0000  (   0.00%)
clock_network      0.0000            0.0000            0.0000            0.0000  (   0.00%)
register       1.6257e-03        1.1781e-05        4.0879e+04        4.2517e-02  (  79.63%)
sequential         0.0000            0.0000            0.0000            0.0000  (   0.00%)
combinational  1.5584e-05        6.0178e-06        1.0855e+04        1.0876e-02  (  20.37%)
--------------------------------------------------------------------------------------------------
Total          1.6413e-03 mW     1.7799e-05 mW     5.1734e+04 nW     5.3393e-02 mW
1
