Information: Propagating switching activity (high effort zero delay simulation). (PWR-6)
Warning: Design has unannotated primary inputs. (PWR-414)
Warning: Design has unannotated sequential cell outputs. (PWR-415)
 
****************************************
Report : power
        -analysis_effort high
Design : bch_decoder_T2_DATA_BITS32_NCHANNEL1
Version: R-2020.09-SP4
Date   : Thu Dec  8 17:22:10 2022
****************************************


Library(s) Used:

    lib_astd (File: /home/nbleier3/Libraries/PragmaticV2_0.db)


Operating Conditions: PVT_3V_25C   Library: lib_astd
Wire Load Model Mode: top


Global Operating Voltage = 3    
Power-specific unit information :
    Voltage Units = 1V
    Capacitance Units = 1.000000pf
    Time Units = 1ns
    Dynamic Power Units = 1mW    (derived from V,C,T units)
    Leakage Power Units = 1nW


  Cell Internal Power  =   2.5427 uW  (100%)
  Net Switching Power  =  12.3680 nW    (0%)
                         ---------
Total Dynamic Power    =   2.5550 uW  (100%)

Cell Leakage Power     =  44.0681 uW


                 Internal         Switching           Leakage            Total
Power Group      Power            Power               Power              Power   (   %    )  Attrs
--------------------------------------------------------------------------------------------------
io_pad             0.0000            0.0000            0.0000            0.0000  (   0.00%)
memory             0.0000            0.0000            0.0000            0.0000  (   0.00%)
black_box          0.0000            0.0000            0.0000            0.0000  (   0.00%)
clock_network      0.0000            0.0000            0.0000            0.0000  (   0.00%)
register       2.5335e-03        7.5349e-06        3.5839e+04        3.8380e-02  (  82.32%)
sequential         0.0000            0.0000            0.0000            0.0000  (   0.00%)
combinational  9.2202e-06        4.8332e-06        8.2295e+03        8.2435e-03  (  17.68%)
--------------------------------------------------------------------------------------------------
Total          2.5427e-03 mW     1.2368e-05 mW     4.4068e+04 nW     4.6623e-02 mW
1
