Information: Propagating switching activity (high effort zero delay simulation). (PWR-6)
Warning: Design has unannotated primary inputs. (PWR-414)
Warning: Design has unannotated sequential cell outputs. (PWR-415)
 
****************************************
Report : power
        -analysis_effort high
Design : bch_decoder_T2_DATA_BITS56_NCHANNEL1
Version: R-2020.09-SP4
Date   : Thu Dec  8 17:52:10 2022
****************************************


Library(s) Used:

    lib_astd (File: /home/nbleier3/Libraries/PragmaticV2_0.db)


Operating Conditions: PVT_3V_25C   Library: lib_astd
Wire Load Model Mode: top


Global Operating Voltage = 3    
Power-specific unit information :
    Voltage Units = 1V
    Capacitance Units = 1.000000pf
    Time Units = 1ns
    Dynamic Power Units = 1mW    (derived from V,C,T units)
    Leakage Power Units = 1nW


  Cell Internal Power  =   1.2833 uW   (99%)
  Net Switching Power  =   6.6180 nW    (1%)
                         ---------
Total Dynamic Power    =   1.2899 uW  (100%)

Cell Leakage Power     =  49.5759 uW


                 Internal         Switching           Leakage            Total
Power Group      Power            Power               Power              Power   (   %    )  Attrs
--------------------------------------------------------------------------------------------------
io_pad             0.0000            0.0000            0.0000            0.0000  (   0.00%)
memory             0.0000            0.0000            0.0000            0.0000  (   0.00%)
black_box          0.0000            0.0000            0.0000            0.0000  (   0.00%)
clock_network      0.0000            0.0000            0.0000            0.0000  (   0.00%)
register       1.2782e-03        3.7820e-06        4.0148e+04        4.1430e-02  (  81.45%)
sequential         0.0000            0.0000            0.0000            0.0000  (   0.00%)
combinational  5.1258e-06        2.8360e-06        9.4278e+03        9.4358e-03  (  18.55%)
--------------------------------------------------------------------------------------------------
Total          1.2833e-03 mW     6.6180e-06 mW     4.9576e+04 nW     5.0866e-02 mW
1
