Information: Propagating switching activity (high effort zero delay simulation). (PWR-6)
Warning: Design has unannotated primary inputs. (PWR-414)
Warning: Design has unannotated sequential cell outputs. (PWR-415)
 
****************************************
Report : power
        -analysis_effort high
Design : bch_decoder_T3_DATA_BITS16_NCHANNEL1
Version: R-2020.09-SP4
Date   : Thu Dec  8 17:02:20 2022
****************************************


Library(s) Used:

    lib_astd (File: /home/nbleier3/Libraries/PragmaticV2_0.db)


Operating Conditions: PVT_3V_25C   Library: lib_astd
Wire Load Model Mode: top


Global Operating Voltage = 3    
Power-specific unit information :
    Voltage Units = 1V
    Capacitance Units = 1.000000pf
    Time Units = 1ns
    Dynamic Power Units = 1mW    (derived from V,C,T units)
    Leakage Power Units = 1nW


  Cell Internal Power  =   1.5420 uW  (100%)
  Net Switching Power  =   4.7778 nW    (0%)
                         ---------
Total Dynamic Power    =   1.5468 uW  (100%)

Cell Leakage Power     =  38.4080 uW


                 Internal         Switching           Leakage            Total
Power Group      Power            Power               Power              Power   (   %    )  Attrs
--------------------------------------------------------------------------------------------------
io_pad             0.0000            0.0000            0.0000            0.0000  (   0.00%)
memory             0.0000            0.0000            0.0000            0.0000  (   0.00%)
black_box          0.0000            0.0000            0.0000            0.0000  (   0.00%)
clock_network      0.0000            0.0000            0.0000            0.0000  (   0.00%)
register       1.5385e-03        2.6145e-06        3.0275e+04        3.1816e-02  (  79.63%)
sequential         0.0000            0.0000            0.0000            0.0000  (   0.00%)
combinational  3.4469e-06        2.1633e-06        8.1328e+03        8.1384e-03  (  20.37%)
--------------------------------------------------------------------------------------------------
Total          1.5420e-03 mW     4.7778e-06 mW     3.8408e+04 nW     3.9955e-02 mW
1
