Information: Propagating switching activity (high effort zero delay simulation). (PWR-6)
Warning: Design has unannotated primary inputs. (PWR-414)
Warning: Design has unannotated sequential cell outputs. (PWR-415)
 
****************************************
Report : power
        -analysis_effort high
Design : bch_decoder_T12_DATA_BITS16_NCHANNEL1
Version: R-2020.09-SP4
Date   : Thu Dec  8 19:55:57 2022
****************************************


Library(s) Used:

    lib_astd (File: /home/nbleier3/Libraries/PragmaticV2_0.db)


Operating Conditions: PVT_3V_25C   Library: lib_astd
Wire Load Model Mode: top


Global Operating Voltage = 3    
Power-specific unit information :
    Voltage Units = 1V
    Capacitance Units = 1.000000pf
    Time Units = 1ns
    Dynamic Power Units = 1mW    (derived from V,C,T units)
    Leakage Power Units = 1nW


  Cell Internal Power  =   2.6795 uW   (99%)
  Net Switching Power  =  15.3271 nW    (1%)
                         ---------
Total Dynamic Power    =   2.6949 uW  (100%)

Cell Leakage Power     =  50.8915 uW


                 Internal         Switching           Leakage            Total
Power Group      Power            Power               Power              Power   (   %    )  Attrs
--------------------------------------------------------------------------------------------------
io_pad             0.0000            0.0000            0.0000            0.0000  (   0.00%)
memory             0.0000            0.0000            0.0000            0.0000  (   0.00%)
black_box          0.0000            0.0000            0.0000            0.0000  (   0.00%)
clock_network      0.0000            0.0000            0.0000            0.0000  (   0.00%)
register       2.6681e-03        9.7115e-06        4.0901e+04        4.3578e-02  (  81.32%)
sequential         0.0000            0.0000            0.0000            0.0000  (   0.00%)
combinational  1.1435e-05        5.6156e-06        9.9908e+03        1.0008e-02  (  18.68%)
--------------------------------------------------------------------------------------------------
Total          2.6795e-03 mW     1.5327e-05 mW     5.0891e+04 nW     5.3586e-02 mW
1
