Information: Propagating switching activity (high effort zero delay simulation). (PWR-6)
Warning: Design has unannotated primary inputs. (PWR-414)
Warning: Design has unannotated sequential cell outputs. (PWR-415)
 
****************************************
Report : power
        -analysis_effort high
Design : bch_decoder_T3_DATA_BITS40_NCHANNEL1
Version: R-2020.09-SP4
Date   : Thu Dec  8 17:32:08 2022
****************************************


Library(s) Used:

    lib_astd (File: /home/nbleier3/Libraries/PragmaticV2_0.db)


Operating Conditions: PVT_3V_25C   Library: lib_astd
Wire Load Model Mode: top


Global Operating Voltage = 3    
Power-specific unit information :
    Voltage Units = 1V
    Capacitance Units = 1.000000pf
    Time Units = 1ns
    Dynamic Power Units = 1mW    (derived from V,C,T units)
    Leakage Power Units = 1nW


  Cell Internal Power  =   1.4425 uW  (100%)
  Net Switching Power  =   6.7709 nW    (0%)
                         ---------
Total Dynamic Power    =   1.4493 uW  (100%)

Cell Leakage Power     =  42.6064 uW


                 Internal         Switching           Leakage            Total
Power Group      Power            Power               Power              Power   (   %    )  Attrs
--------------------------------------------------------------------------------------------------
io_pad             0.0000            0.0000            0.0000            0.0000  (   0.00%)
memory             0.0000            0.0000            0.0000            0.0000  (   0.00%)
black_box          0.0000            0.0000            0.0000            0.0000  (   0.00%)
clock_network      0.0000            0.0000            0.0000            0.0000  (   0.00%)
register       1.4375e-03        4.5018e-06        3.5375e+04        3.6817e-02  (  83.57%)
sequential         0.0000            0.0000            0.0000            0.0000  (   0.00%)
combinational  4.9451e-06        2.2691e-06        7.2315e+03        7.2387e-03  (  16.43%)
--------------------------------------------------------------------------------------------------
Total          1.4425e-03 mW     6.7708e-06 mW     4.2606e+04 nW     4.4056e-02 mW
1
