Information: Propagating switching activity (high effort zero delay simulation). (PWR-6)
Warning: Design has unannotated primary inputs. (PWR-414)
Warning: Design has unannotated sequential cell outputs. (PWR-415)
 
****************************************
Report : power
        -analysis_effort high
Design : bch_decoder_T15_DATA_BITS96_NCHANNEL1
Version: R-2020.09-SP4
Date   : Fri Dec  9 02:45:55 2022
****************************************


Library(s) Used:

    lib_astd (File: /home/nbleier3/Libraries/PragmaticV2_0.db)


Operating Conditions: PVT_3V_25C   Library: lib_astd
Wire Load Model Mode: top


Global Operating Voltage = 3    
Power-specific unit information :
    Voltage Units = 1V
    Capacitance Units = 1.000000pf
    Time Units = 1ns
    Dynamic Power Units = 1mW    (derived from V,C,T units)
    Leakage Power Units = 1nW


  Cell Internal Power  =   2.5438 uW   (99%)
  Net Switching Power  =  21.0688 nW    (1%)
                         ---------
Total Dynamic Power    =   2.5649 uW  (100%)

Cell Leakage Power     =  57.7957 uW


                 Internal         Switching           Leakage            Total
Power Group      Power            Power               Power              Power   (   %    )  Attrs
--------------------------------------------------------------------------------------------------
io_pad             0.0000            0.0000            0.0000            0.0000  (   0.00%)
memory             0.0000            0.0000            0.0000            0.0000  (   0.00%)
black_box          0.0000            0.0000            0.0000            0.0000  (   0.00%)
clock_network      0.0000            0.0000            0.0000            0.0000  (   0.00%)
register       2.5275e-03        1.1501e-05        4.6012e+04        4.8551e-02  (  80.43%)
sequential         0.0000            0.0000            0.0000            0.0000  (   0.00%)
combinational  1.6273e-05        9.5676e-06        1.1784e+04        1.1810e-02  (  19.57%)
--------------------------------------------------------------------------------------------------
Total          2.5438e-03 mW     2.1069e-05 mW     5.7796e+04 nW     6.0361e-02 mW
1
