Information: Propagating switching activity (high effort zero delay simulation). (PWR-6)
Warning: Design has unannotated primary inputs. (PWR-414)
Warning: Design has unannotated sequential cell outputs. (PWR-415)
 
****************************************
Report : power
        -analysis_effort high
Design : bch_decoder_T14_DATA_BITS120_NCHANNEL1
Version: R-2020.09-SP4
Date   : Fri Dec  9 04:41:43 2022
****************************************


Library(s) Used:

    lib_astd (File: /home/nbleier3/Libraries/PragmaticV2_0.db)


Operating Conditions: PVT_3V_25C   Library: lib_astd
Wire Load Model Mode: top


Global Operating Voltage = 3    
Power-specific unit information :
    Voltage Units = 1V
    Capacitance Units = 1.000000pf
    Time Units = 1ns
    Dynamic Power Units = 1mW    (derived from V,C,T units)
    Leakage Power Units = 1nW


  Cell Internal Power  =   1.4835 uW   (99%)
  Net Switching Power  =  10.0904 nW    (1%)
                         ---------
Total Dynamic Power    =   1.4936 uW  (100%)

Cell Leakage Power     =  54.7384 uW


                 Internal         Switching           Leakage            Total
Power Group      Power            Power               Power              Power   (   %    )  Attrs
--------------------------------------------------------------------------------------------------
io_pad             0.0000            0.0000            0.0000            0.0000  (   0.00%)
memory             0.0000            0.0000            0.0000            0.0000  (   0.00%)
black_box          0.0000            0.0000            0.0000            0.0000  (   0.00%)
clock_network      0.0000            0.0000            0.0000            0.0000  (   0.00%)
register       1.4763e-03        5.8573e-06        4.5339e+04        4.6821e-02  (  83.26%)
sequential         0.0000            0.0000            0.0000            0.0000  (   0.00%)
combinational  7.2395e-06        4.2330e-06        9.3990e+03        9.4105e-03  (  16.74%)
--------------------------------------------------------------------------------------------------
Total          1.4835e-03 mW     1.0090e-05 mW     5.4738e+04 nW     5.6232e-02 mW
1
