Information: Propagating switching activity (high effort zero delay simulation). (PWR-6)
Warning: Design has unannotated primary inputs. (PWR-414)
Warning: Design has unannotated sequential cell outputs. (PWR-415)
 
****************************************
Report : power
        -analysis_effort high
Design : bch_decoder_T4_DATA_BITS44_NCHANNEL1
Version: R-2020.09-SP4
Date   : Thu Dec  8 17:37:54 2022
****************************************


Library(s) Used:

    lib_astd (File: /home/nbleier3/Libraries/PragmaticV2_0.db)


Operating Conditions: PVT_3V_25C   Library: lib_astd
Wire Load Model Mode: top


Global Operating Voltage = 3    
Power-specific unit information :
    Voltage Units = 1V
    Capacitance Units = 1.000000pf
    Time Units = 1ns
    Dynamic Power Units = 1mW    (derived from V,C,T units)
    Leakage Power Units = 1nW


  Cell Internal Power  =   1.3091 uW   (99%)
  Net Switching Power  =   7.1193 nW    (1%)
                         ---------
Total Dynamic Power    =   1.3162 uW  (100%)

Cell Leakage Power     =  49.2909 uW


                 Internal         Switching           Leakage            Total
Power Group      Power            Power               Power              Power   (   %    )  Attrs
--------------------------------------------------------------------------------------------------
io_pad             0.0000            0.0000            0.0000            0.0000  (   0.00%)
memory             0.0000            0.0000            0.0000            0.0000  (   0.00%)
black_box          0.0000            0.0000            0.0000            0.0000  (   0.00%)
clock_network      0.0000            0.0000            0.0000            0.0000  (   0.00%)
register       1.3040e-03        4.6749e-06        4.0219e+04        4.1527e-02  (  82.06%)
sequential         0.0000            0.0000            0.0000            0.0000  (   0.00%)
combinational  5.0649e-06        2.4443e-06        9.0722e+03        9.0797e-03  (  17.94%)
--------------------------------------------------------------------------------------------------
Total          1.3091e-03 mW     7.1192e-06 mW     4.9291e+04 nW     5.0607e-02 mW
1
