Information: Propagating switching activity (high effort zero delay simulation). (PWR-6)
Warning: Design has unannotated primary inputs. (PWR-414)
Warning: Design has unannotated sequential cell outputs. (PWR-415)
 
****************************************
Report : power
        -analysis_effort high
Design : bch_decoder_T3_DATA_BITS12_NCHANNEL1
Version: R-2020.09-SP4
Date   : Thu Dec  8 16:57:27 2022
****************************************


Library(s) Used:

    lib_astd (File: /home/nbleier3/Libraries/PragmaticV2_0.db)


Operating Conditions: PVT_3V_25C   Library: lib_astd
Wire Load Model Mode: top


Global Operating Voltage = 3    
Power-specific unit information :
    Voltage Units = 1V
    Capacitance Units = 1.000000pf
    Time Units = 1ns
    Dynamic Power Units = 1mW    (derived from V,C,T units)
    Leakage Power Units = 1nW


  Cell Internal Power  =   1.7867 uW  (100%)
  Net Switching Power  =   8.0004 nW    (0%)
                         ---------
Total Dynamic Power    =   1.7947 uW  (100%)

Cell Leakage Power     =  36.8481 uW


                 Internal         Switching           Leakage            Total
Power Group      Power            Power               Power              Power   (   %    )  Attrs
--------------------------------------------------------------------------------------------------
io_pad             0.0000            0.0000            0.0000            0.0000  (   0.00%)
memory             0.0000            0.0000            0.0000            0.0000  (   0.00%)
black_box          0.0000            0.0000            0.0000            0.0000  (   0.00%)
clock_network      0.0000            0.0000            0.0000            0.0000  (   0.00%)
register       1.7821e-03        4.9243e-06        3.0730e+04        3.2517e-02  (  84.15%)
sequential         0.0000            0.0000            0.0000            0.0000  (   0.00%)
combinational  4.5833e-06        3.0761e-06        6.1180e+03        6.1256e-03  (  15.85%)
--------------------------------------------------------------------------------------------------
Total          1.7867e-03 mW     8.0004e-06 mW     3.6848e+04 nW     3.8643e-02 mW
1
