Information: Propagating switching activity (high effort zero delay simulation). (PWR-6)
Warning: Design has unannotated primary inputs. (PWR-414)
 
****************************************
Report : power
        -analysis_effort high
Design : bch_decoder_T6_DATA_BITS40_NCHANNEL1
Version: R-2020.09-SP4
Date   : Thu Dec  8 17:34:55 2022
****************************************


Library(s) Used:

    lib_astd (File: /home/nbleier3/Libraries/PragmaticV2_0.db)


Operating Conditions: PVT_3V_25C   Library: lib_astd
Wire Load Model Mode: top


Global Operating Voltage = 3    
Power-specific unit information :
    Voltage Units = 1V
    Capacitance Units = 1.000000pf
    Time Units = 1ns
    Dynamic Power Units = 1mW    (derived from V,C,T units)
    Leakage Power Units = 1nW


  Cell Internal Power  =   1.6450 uW   (99%)
  Net Switching Power  =  15.1189 nW    (1%)
                         ---------
Total Dynamic Power    =   1.6602 uW  (100%)

Cell Leakage Power     =  51.1257 uW


                 Internal         Switching           Leakage            Total
Power Group      Power            Power               Power              Power   (   %    )  Attrs
--------------------------------------------------------------------------------------------------
io_pad             0.0000            0.0000            0.0000            0.0000  (   0.00%)
memory             0.0000            0.0000            0.0000            0.0000  (   0.00%)
black_box          0.0000            0.0000            0.0000            0.0000  (   0.00%)
clock_network      0.0000            0.0000            0.0000            0.0000  (   0.00%)
register       1.6309e-03        9.7186e-06        4.0844e+04        4.2484e-02  (  80.48%)
sequential         0.0000            0.0000            0.0000            0.0000  (   0.00%)
combinational  1.4106e-05        5.4003e-06        1.0282e+04        1.0302e-02  (  19.52%)
--------------------------------------------------------------------------------------------------
Total          1.6450e-03 mW     1.5119e-05 mW     5.1126e+04 nW     5.2786e-02 mW
1
