Information: Propagating switching activity (high effort zero delay simulation). (PWR-6)
Warning: Design has unannotated primary inputs. (PWR-414)
 
****************************************
Report : power
        -analysis_effort high
Design : bch_decoder_T6_DATA_BITS84_NCHANNEL1
Version: R-2020.09-SP4
Date   : Thu Dec  8 18:27:53 2022
****************************************


Library(s) Used:

    lib_astd (File: /home/nbleier3/Libraries/PragmaticV2_0.db)


Operating Conditions: PVT_3V_25C   Library: lib_astd
Wire Load Model Mode: top


Global Operating Voltage = 3    
Power-specific unit information :
    Voltage Units = 1V
    Capacitance Units = 1.000000pf
    Time Units = 1ns
    Dynamic Power Units = 1mW    (derived from V,C,T units)
    Leakage Power Units = 1nW


  Cell Internal Power  =   1.7044 uW   (99%)
  Net Switching Power  =  16.0108 nW    (1%)
                         ---------
Total Dynamic Power    =   1.7204 uW  (100%)

Cell Leakage Power     =  51.8031 uW


                 Internal         Switching           Leakage            Total
Power Group      Power            Power               Power              Power   (   %    )  Attrs
--------------------------------------------------------------------------------------------------
io_pad             0.0000            0.0000            0.0000            0.0000  (   0.00%)
memory             0.0000            0.0000            0.0000            0.0000  (   0.00%)
black_box          0.0000            0.0000            0.0000            0.0000  (   0.00%)
clock_network      0.0000            0.0000            0.0000            0.0000  (   0.00%)
register       1.6895e-03        9.6695e-06        4.0944e+04        4.2643e-02  (  79.67%)
sequential         0.0000            0.0000            0.0000            0.0000  (   0.00%)
combinational  1.4902e-05        6.3413e-06        1.0860e+04        1.0881e-02  (  20.33%)
--------------------------------------------------------------------------------------------------
Total          1.7044e-03 mW     1.6011e-05 mW     5.1803e+04 nW     5.3524e-02 mW
1
