Information: Propagating switching activity (high effort zero delay simulation). (PWR-6)
Warning: Design has unannotated primary inputs. (PWR-414)
Warning: Design has unannotated sequential cell outputs. (PWR-415)
 
****************************************
Report : power
        -analysis_effort high
Design : bch_decoder_T7_DATA_BITS124_NCHANNEL1
Version: R-2020.09-SP4
Date   : Thu Dec  8 19:21:01 2022
****************************************


Library(s) Used:

    lib_astd (File: /home/nbleier3/Libraries/PragmaticV2_0.db)


Operating Conditions: PVT_3V_25C   Library: lib_astd
Wire Load Model Mode: top


Global Operating Voltage = 3    
Power-specific unit information :
    Voltage Units = 1V
    Capacitance Units = 1.000000pf
    Time Units = 1ns
    Dynamic Power Units = 1mW    (derived from V,C,T units)
    Leakage Power Units = 1nW


  Cell Internal Power  =   1.4397 uW   (99%)
  Net Switching Power  =   9.5195 nW    (1%)
                         ---------
Total Dynamic Power    =   1.4492 uW  (100%)

Cell Leakage Power     =  55.2845 uW


                 Internal         Switching           Leakage            Total
Power Group      Power            Power               Power              Power   (   %    )  Attrs
--------------------------------------------------------------------------------------------------
io_pad             0.0000            0.0000            0.0000            0.0000  (   0.00%)
memory             0.0000            0.0000            0.0000            0.0000  (   0.00%)
black_box          0.0000            0.0000            0.0000            0.0000  (   0.00%)
clock_network      0.0000            0.0000            0.0000            0.0000  (   0.00%)
register       1.4328e-03        5.4602e-06        4.5326e+04        4.6765e-02  (  82.43%)
sequential         0.0000            0.0000            0.0000            0.0000  (   0.00%)
combinational  6.8944e-06        4.0593e-06        9.9582e+03        9.9692e-03  (  17.57%)
--------------------------------------------------------------------------------------------------
Total          1.4397e-03 mW     9.5195e-06 mW     5.5284e+04 nW     5.6734e-02 mW
1
