Information: Propagating switching activity (high effort zero delay simulation). (PWR-6)
Warning: Design has unannotated primary inputs. (PWR-414)
Warning: Design has unannotated sequential cell outputs. (PWR-415)
 
****************************************
Report : power
        -analysis_effort high
Design : bch_decoder_T5_DATA_BITS76_NCHANNEL1
Version: R-2020.09-SP4
Date   : Thu Dec  8 18:17:50 2022
****************************************


Library(s) Used:

    lib_astd (File: /home/nbleier3/Libraries/PragmaticV2_0.db)


Operating Conditions: PVT_3V_25C   Library: lib_astd
Wire Load Model Mode: top


Global Operating Voltage = 3    
Power-specific unit information :
    Voltage Units = 1V
    Capacitance Units = 1.000000pf
    Time Units = 1ns
    Dynamic Power Units = 1mW    (derived from V,C,T units)
    Leakage Power Units = 1nW


  Cell Internal Power  =   3.0036 uW  (100%)
  Net Switching Power  =  11.2274 nW    (0%)
                         ---------
Total Dynamic Power    =   3.0148 uW  (100%)

Cell Leakage Power     =  48.7601 uW


                 Internal         Switching           Leakage            Total
Power Group      Power            Power               Power              Power   (   %    )  Attrs
--------------------------------------------------------------------------------------------------
io_pad             0.0000            0.0000            0.0000            0.0000  (   0.00%)
memory             0.0000            0.0000            0.0000            0.0000  (   0.00%)
black_box          0.0000            0.0000            0.0000            0.0000  (   0.00%)
clock_network      0.0000            0.0000            0.0000            0.0000  (   0.00%)
register       2.9965e-03        6.9090e-06        4.0893e+04        4.3896e-02  (  84.78%)
sequential         0.0000            0.0000            0.0000            0.0000  (   0.00%)
combinational  7.0944e-06        4.3183e-06        7.8674e+03        7.8788e-03  (  15.22%)
--------------------------------------------------------------------------------------------------
Total          3.0036e-03 mW     1.1227e-05 mW     4.8760e+04 nW     5.1775e-02 mW
1
