Information: Propagating switching activity (high effort zero delay simulation). (PWR-6)
Warning: Design has unannotated primary inputs. (PWR-414)
Warning: Design has unannotated sequential cell outputs. (PWR-415)
 
****************************************
Report : power
        -analysis_effort high
Design : bch_decoder_T3_DATA_BITS32_NCHANNEL1
Version: R-2020.09-SP4
Date   : Thu Dec  8 17:22:41 2022
****************************************


Library(s) Used:

    lib_astd (File: /home/nbleier3/Libraries/PragmaticV2_0.db)


Operating Conditions: PVT_3V_25C   Library: lib_astd
Wire Load Model Mode: top


Global Operating Voltage = 3    
Power-specific unit information :
    Voltage Units = 1V
    Capacitance Units = 1.000000pf
    Time Units = 1ns
    Dynamic Power Units = 1mW    (derived from V,C,T units)
    Leakage Power Units = 1nW


  Cell Internal Power  =   1.3401 uW  (100%)
  Net Switching Power  =   6.6515 nW    (0%)
                         ---------
Total Dynamic Power    =   1.3467 uW  (100%)

Cell Leakage Power     =  42.5381 uW


                 Internal         Switching           Leakage            Total
Power Group      Power            Power               Power              Power   (   %    )  Attrs
--------------------------------------------------------------------------------------------------
io_pad             0.0000            0.0000            0.0000            0.0000  (   0.00%)
memory             0.0000            0.0000            0.0000            0.0000  (   0.00%)
black_box          0.0000            0.0000            0.0000            0.0000  (   0.00%)
clock_network      0.0000            0.0000            0.0000            0.0000  (   0.00%)
register       1.3356e-03        4.3539e-06        3.5325e+04        3.6665e-02  (  83.55%)
sequential         0.0000            0.0000            0.0000            0.0000  (   0.00%)
combinational  4.4398e-06        2.2977e-06        7.2134e+03        7.2201e-03  (  16.45%)
--------------------------------------------------------------------------------------------------
Total          1.3401e-03 mW     6.6515e-06 mW     4.2538e+04 nW     4.3885e-02 mW
1
