Information: Propagating switching activity (high effort zero delay simulation). (PWR-6)
Warning: Design has unannotated primary inputs. (PWR-414)
Warning: Design has unannotated sequential cell outputs. (PWR-415)
 
****************************************
Report : power
        -analysis_effort high
Design : bch_decoder_T15_DATA_BITS60_NCHANNEL1
Version: R-2020.09-SP4
Date   : Thu Dec  8 23:47:47 2022
****************************************


Library(s) Used:

    lib_astd (File: /home/nbleier3/Libraries/PragmaticV2_0.db)


Operating Conditions: PVT_3V_25C   Library: lib_astd
Wire Load Model Mode: top


Global Operating Voltage = 3    
Power-specific unit information :
    Voltage Units = 1V
    Capacitance Units = 1.000000pf
    Time Units = 1ns
    Dynamic Power Units = 1mW    (derived from V,C,T units)
    Leakage Power Units = 1nW


  Cell Internal Power  =   2.4856 uW   (99%)
  Net Switching Power  =  20.2299 nW    (1%)
                         ---------
Total Dynamic Power    =   2.5058 uW  (100%)

Cell Leakage Power     =  57.5005 uW


                 Internal         Switching           Leakage            Total
Power Group      Power            Power               Power              Power   (   %    )  Attrs
--------------------------------------------------------------------------------------------------
io_pad             0.0000            0.0000            0.0000            0.0000  (   0.00%)
memory             0.0000            0.0000            0.0000            0.0000  (   0.00%)
black_box          0.0000            0.0000            0.0000            0.0000  (   0.00%)
clock_network      0.0000            0.0000            0.0000            0.0000  (   0.00%)
register       2.4686e-03        1.1385e-05        4.5989e+04        4.8469e-02  (  80.77%)
sequential         0.0000            0.0000            0.0000            0.0000  (   0.00%)
combinational  1.7023e-05        8.8445e-06        1.1512e+04        1.1538e-02  (  19.23%)
--------------------------------------------------------------------------------------------------
Total          2.4856e-03 mW     2.0230e-05 mW     5.7501e+04 nW     6.0006e-02 mW
1
