Information: Propagating switching activity (high effort zero delay simulation). (PWR-6)
Warning: Design has unannotated primary inputs. (PWR-414)
Warning: Design has unannotated sequential cell outputs. (PWR-415)
 
****************************************
Report : power
        -analysis_effort high
Design : bch_decoder_T7_DATA_BITS8_NCHANNEL1
Version: R-2020.09-SP4
Date   : Thu Dec  8 16:56:25 2022
****************************************


Library(s) Used:

    lib_astd (File: /home/nbleier3/Libraries/PragmaticV2_0.db)


Operating Conditions: PVT_3V_25C   Library: lib_astd
Wire Load Model Mode: top


Global Operating Voltage = 3    
Power-specific unit information :
    Voltage Units = 1V
    Capacitance Units = 1.000000pf
    Time Units = 1ns
    Dynamic Power Units = 1mW    (derived from V,C,T units)
    Leakage Power Units = 1nW


  Cell Internal Power  =   2.8684 uW  (100%)
  Net Switching Power  =  13.1761 nW    (0%)
                         ---------
Total Dynamic Power    =   2.8815 uW  (100%)

Cell Leakage Power     =  43.6707 uW


                 Internal         Switching           Leakage            Total
Power Group      Power            Power               Power              Power   (   %    )  Attrs
--------------------------------------------------------------------------------------------------
io_pad             0.0000            0.0000            0.0000            0.0000  (   0.00%)
memory             0.0000            0.0000            0.0000            0.0000  (   0.00%)
black_box          0.0000            0.0000            0.0000            0.0000  (   0.00%)
clock_network      0.0000            0.0000            0.0000            0.0000  (   0.00%)
register       2.8571e-03        9.1402e-06        3.5787e+04        3.8654e-02  (  83.03%)
sequential         0.0000            0.0000            0.0000            0.0000  (   0.00%)
combinational  1.1241e-05        4.0360e-06        7.8832e+03        7.8985e-03  (  16.97%)
--------------------------------------------------------------------------------------------------
Total          2.8684e-03 mW     1.3176e-05 mW     4.3671e+04 nW     4.6552e-02 mW
1
