Information: Propagating switching activity (high effort zero delay simulation). (PWR-6)
Warning: Design has unannotated primary inputs. (PWR-414)
Warning: Design has unannotated sequential cell outputs. (PWR-415)
 
****************************************
Report : power
        -analysis_effort high
Design : bch_decoder_T9_DATA_BITS128_NCHANNEL1
Version: R-2020.09-SP4
Date   : Fri Dec  9 05:08:09 2022
****************************************


Library(s) Used:

    lib_astd (File: /home/nbleier3/Libraries/PragmaticV2_0.db)


Operating Conditions: PVT_3V_25C   Library: lib_astd
Wire Load Model Mode: top


Global Operating Voltage = 3    
Power-specific unit information :
    Voltage Units = 1V
    Capacitance Units = 1.000000pf
    Time Units = 1ns
    Dynamic Power Units = 1mW    (derived from V,C,T units)
    Leakage Power Units = 1nW


  Cell Internal Power  =   1.4964 uW   (99%)
  Net Switching Power  =   9.9367 nW    (1%)
                         ---------
Total Dynamic Power    =   1.5063 uW  (100%)

Cell Leakage Power     =  56.0356 uW


                 Internal         Switching           Leakage            Total
Power Group      Power            Power               Power              Power   (   %    )  Attrs
--------------------------------------------------------------------------------------------------
io_pad             0.0000            0.0000            0.0000            0.0000  (   0.00%)
memory             0.0000            0.0000            0.0000            0.0000  (   0.00%)
black_box          0.0000            0.0000            0.0000            0.0000  (   0.00%)
clock_network      0.0000            0.0000            0.0000            0.0000  (   0.00%)
register       1.4883e-03        5.7521e-06        4.5292e+04        4.6786e-02  (  81.31%)
sequential         0.0000            0.0000            0.0000            0.0000  (   0.00%)
combinational  8.0927e-06        4.1846e-06        1.0744e+04        1.0756e-02  (  18.69%)
--------------------------------------------------------------------------------------------------
Total          1.4964e-03 mW     9.9367e-06 mW     5.6036e+04 nW     5.7542e-02 mW
1
