Information: Propagating switching activity (high effort zero delay simulation). (PWR-6)
Warning: Design has unannotated primary inputs. (PWR-414)
Warning: Design has unannotated sequential cell outputs. (PWR-415)
 
****************************************
Report : power
        -analysis_effort high
Design : bch_decoder_T15_DATA_BITS124_NCHANNEL1
Version: R-2020.09-SP4
Date   : Fri Dec  9 05:05:12 2022
****************************************


Library(s) Used:

    lib_astd (File: /home/nbleier3/Libraries/PragmaticV2_0.db)


Operating Conditions: PVT_3V_25C   Library: lib_astd
Wire Load Model Mode: top


Global Operating Voltage = 3    
Power-specific unit information :
    Voltage Units = 1V
    Capacitance Units = 1.000000pf
    Time Units = 1ns
    Dynamic Power Units = 1mW    (derived from V,C,T units)
    Leakage Power Units = 1nW


  Cell Internal Power  =   2.3781 uW   (99%)
  Net Switching Power  =  18.2730 nW    (1%)
                         ---------
Total Dynamic Power    =   2.3964 uW  (100%)

Cell Leakage Power     =  56.3208 uW


                 Internal         Switching           Leakage            Total
Power Group      Power            Power               Power              Power   (   %    )  Attrs
--------------------------------------------------------------------------------------------------
io_pad             0.0000            0.0000            0.0000            0.0000  (   0.00%)
memory             0.0000            0.0000            0.0000            0.0000  (   0.00%)
black_box          0.0000            0.0000            0.0000            0.0000  (   0.00%)
clock_network      0.0000            0.0000            0.0000            0.0000  (   0.00%)
register       2.3651e-03        1.0316e-05        4.5974e+04        4.8350e-02  (  82.34%)
sequential         0.0000            0.0000            0.0000            0.0000  (   0.00%)
combinational  1.3026e-05        7.9570e-06        1.0347e+04        1.0368e-02  (  17.66%)
--------------------------------------------------------------------------------------------------
Total          2.3781e-03 mW     1.8273e-05 mW     5.6321e+04 nW     5.8717e-02 mW
1
