Information: Propagating switching activity (high effort zero delay simulation). (PWR-6)
Warning: Design has unannotated primary inputs. (PWR-414)
Warning: Design has unannotated sequential cell outputs. (PWR-415)
 
****************************************
Report : power
        -analysis_effort high
Design : bch_decoder_T5_DATA_BITS56_NCHANNEL1
Version: R-2020.09-SP4
Date   : Thu Dec  8 17:54:27 2022
****************************************


Library(s) Used:

    lib_astd (File: /home/nbleier3/Libraries/PragmaticV2_0.db)


Operating Conditions: PVT_3V_25C   Library: lib_astd
Wire Load Model Mode: top


Global Operating Voltage = 3    
Power-specific unit information :
    Voltage Units = 1V
    Capacitance Units = 1.000000pf
    Time Units = 1ns
    Dynamic Power Units = 1mW    (derived from V,C,T units)
    Leakage Power Units = 1nW


  Cell Internal Power  =   1.2230 uW   (99%)
  Net Switching Power  =  15.8128 nW    (1%)
                         ---------
Total Dynamic Power    =   1.2388 uW  (100%)

Cell Leakage Power     =  50.1883 uW


                 Internal         Switching           Leakage            Total
Power Group      Power            Power               Power              Power   (   %    )  Attrs
--------------------------------------------------------------------------------------------------
io_pad             0.0000            0.0000            0.0000            0.0000  (   0.00%)
memory             0.0000            0.0000            0.0000            0.0000  (   0.00%)
black_box          0.0000            0.0000            0.0000            0.0000  (   0.00%)
clock_network      0.0000            0.0000            0.0000            0.0000  (   0.00%)
register       1.2112e-03        9.8239e-06        4.0876e+04        4.2097e-02  (  81.86%)
sequential         0.0000            0.0000            0.0000            0.0000  (   0.00%)
combinational  1.1773e-05        5.9889e-06        9.3120e+03        9.3298e-03  (  18.14%)
--------------------------------------------------------------------------------------------------
Total          1.2230e-03 mW     1.5813e-05 mW     5.0188e+04 nW     5.1427e-02 mW
1
