Information: Propagating switching activity (high effort zero delay simulation). (PWR-6)
Warning: Design has unannotated primary inputs. (PWR-414)
Warning: Design has unannotated sequential cell outputs. (PWR-415)
 
****************************************
Report : power
        -analysis_effort high
Design : bch_decoder_T9_DATA_BITS20_NCHANNEL1
Version: R-2020.09-SP4
Date   : Thu Dec  8 20:08:28 2022
****************************************


Library(s) Used:

    lib_astd (File: /home/nbleier3/Libraries/PragmaticV2_0.db)


Operating Conditions: PVT_3V_25C   Library: lib_astd
Wire Load Model Mode: top


Global Operating Voltage = 3    
Power-specific unit information :
    Voltage Units = 1V
    Capacitance Units = 1.000000pf
    Time Units = 1ns
    Dynamic Power Units = 1mW    (derived from V,C,T units)
    Leakage Power Units = 1nW


  Cell Internal Power  =   3.5380 uW  (100%)
  Net Switching Power  =  11.2531 nW    (0%)
                         ---------
Total Dynamic Power    =   3.5492 uW  (100%)

Cell Leakage Power     =  48.9230 uW


                 Internal         Switching           Leakage            Total
Power Group      Power            Power               Power              Power   (   %    )  Attrs
--------------------------------------------------------------------------------------------------
io_pad             0.0000            0.0000            0.0000            0.0000  (   0.00%)
memory             0.0000            0.0000            0.0000            0.0000  (   0.00%)
black_box          0.0000            0.0000            0.0000            0.0000  (   0.00%)
clock_network      0.0000            0.0000            0.0000            0.0000  (   0.00%)
register       3.5310e-03        7.2608e-06        4.0790e+04        4.4329e-02  (  84.48%)
sequential         0.0000            0.0000            0.0000            0.0000  (   0.00%)
combinational  6.9396e-06        3.9923e-06        8.1326e+03        8.1435e-03  (  15.52%)
--------------------------------------------------------------------------------------------------
Total          3.5380e-03 mW     1.1253e-05 mW     4.8923e+04 nW     5.2472e-02 mW
1
